import torch
import torch.nn as nn
import torch.tensor as tensor
from torch.utils.data import DataLoader,TensorDataset
import numpy as np
import scipy.io as sio
from sklearn.cluster import KMeans
from net import CooperationModule, RelationModule
from utils import Logger, evaluate
import sys
import time




sys.stdout = Logger('log/'+time.strftime("%Y-%m-%d %H:%M:%S", time.localtime())+'.log')


with open('AwA2_train.py') as f:
    contents = f.read()
    print(contents)
f.close()


###############################################################################
K=3
BATCH_SIZE = 32  # Not recommended to change this
EPISODE = 250000
TEST_EPISODE = 1000
LEARNING_RATE = 1e-5
GPU = 0

###############################################################################
# step 1: init dataset
print("init dataset")

dataroot = './data'
dataset = 'AwA2'
image_embedding = 'res101'
class_embedding = 'att_splits'

matcontent = sio.loadmat(dataroot + "/" + dataset + "/" + image_embedding + ".mat")
feature = matcontent['features'].T
label = matcontent['labels'].astype(int).squeeze() - 1
matcontent = sio.loadmat(dataroot + "/" + dataset + "/" + class_embedding + ".mat")
# numpy array index starts from 0, matlab starts from 1
trainval_loc = matcontent['trainval_loc'].squeeze() - 1
test_seen_loc = matcontent['test_seen_loc'].squeeze() - 1
test_unseen_loc = matcontent['test_unseen_loc'].squeeze() - 1

attribute = matcontent['original_att'].T

x = feature[trainval_loc] # train_features
train_label_ori = label[trainval_loc].astype(int)  # train_label
att = attribute[train_label_ori] # train attributes

att = torch.tensor(att).float().cuda()

x_test = feature[test_unseen_loc]  # test_feature
test_label = label[test_unseen_loc].astype(int) # test_label
x_test_seen = feature[test_seen_loc]  #test_seen_feature
test_label_seen = label[test_seen_loc].astype(int) # test_seen_label
test_id = np.unique(test_label)   # test_id
att_pro = attribute[test_id]      # test_attribute

# train set
train_features=torch.from_numpy(x)
print(train_features.shape)

train_label=torch.from_numpy(train_label_ori).unsqueeze(1)
print(train_label.shape)

# attributes
all_attributes=np.array(attribute)
print(all_attributes.shape)

attributes = torch.from_numpy(attribute)
# test set

test_features=torch.from_numpy(x_test)
print(test_features.shape)

test_label=torch.from_numpy(test_label).unsqueeze(1)
print(test_label.shape)

testclasses_id = np.array(test_id)
print(testclasses_id.shape)

test_attributes = torch.from_numpy(att_pro).float()
print(test_attributes.shape)

test_seen_features = torch.from_numpy(x_test_seen)
print(test_seen_features.shape)

test_seen_label = torch.from_numpy(test_label_seen)

train_data = TensorDataset(train_features,train_label)
###########################################################################

# initial algorithm
print("init networks")
att = np.unique(att,axis=0)
kmeans = KMeans(n_clusters=K, random_state=1337).fit(att) ### field number : K=3
att = kmeans.cluster_centers_
att = torch.tensor(att).float().cuda()


CM = CooperationModule(att)
RM = RelationModule()

CM.cuda(GPU)
RM.cuda(GPU)

CM_optim = torch.optim.Adam(CM.parameters(),lr=LEARNING_RATE*5, weight_decay=1e-5)
RM_optim = torch.optim.Adam(RM.parameters(),lr=LEARNING_RATE, weight_decay=1e-4)

print("training...")
last_H = 0.0

for episode in range(EPISODE):

    train_loader = DataLoader(train_data,batch_size=BATCH_SIZE,shuffle=True)

    batch_features,batch_labels = train_loader.__iter__().next()

    sample_labels = []
    for label in batch_labels.numpy():
        if label not in sample_labels:
            sample_labels.append(label)

    sample_attributes = torch.Tensor([all_attributes[i] for i in sample_labels]).squeeze(1)
    class_num = sample_attributes.shape[0]

    batch_features = tensor(batch_features).cuda(GPU).float()  # 32*2048
    sample_features = CM(tensor(sample_attributes).cuda(GPU))  # x*312


    sample_features_ext = sample_features.unsqueeze(0).repeat(BATCH_SIZE,1,1)
    batch_features_ext = batch_features.unsqueeze(0).repeat(class_num,1,1)
    batch_features_ext = torch.transpose(batch_features_ext,0,1)

    relation_pairs = torch.cat((sample_features_ext,batch_features_ext),2).view(-1,4096)
    relations = RM(relation_pairs).view(-1,class_num)

    # re-build batch_labels according to sample_labels
    sample_labels = np.array(sample_labels)
    re_batch_labels = []
    for label in batch_labels.numpy():
        index = np.argwhere(sample_labels==label)
        re_batch_labels.append(index[0][0])
    re_batch_labels = torch.LongTensor(re_batch_labels)

    # loss
    mse = nn.MSELoss().cuda(GPU)
    one_hot_labels = tensor(torch.zeros(BATCH_SIZE, class_num).scatter_(1, re_batch_labels.view(-1,1), 1)).cuda(GPU)
    loss = mse(relations,one_hot_labels)

    # update
    CM.zero_grad()
    RM.zero_grad()

    loss.backward()

    CM_optim.step()
    RM_optim.step()

    if (episode+1)%100 == 0:
            print("episode:",episode+1,"loss %.4f" % loss.item())

    if (episode+1)%2000 == 0:
        # test
        print("Testing...")


        gzsl_unseen_accuracy = evaluate(test_features,test_label,np.arange(200),attributes, CM, RM, GPU)
        gzsl_seen_accuracy = evaluate(test_seen_features,test_seen_label,np.arange(200),attributes, CM, RM, GPU)

        H = 2 * gzsl_seen_accuracy * gzsl_unseen_accuracy / (gzsl_unseen_accuracy + gzsl_seen_accuracy)

        print('seen=%.4f, unseen=%.4f, h=%.4f' % (gzsl_seen_accuracy, gzsl_unseen_accuracy, H))

        if H > last_H:


            # save networks
            torch.save(CM,"./models/AwA2_CM.pkl")
            torch.save(RM,"./models/AwA2_RM.pkl")

            print("save networks for episode:",episode)

            last_H = H




init dataset
torch.Size([23527, 2048])
torch.Size([23527, 1])
(50, 85)
torch.Size([7913, 2048])
torch.Size([7913, 1])
(10,)
torch.Size([10, 85])
torch.Size([5882, 2048])
init networks
training...
episode: 100 loss 0.0400
episode: 200 loss 0.0476
episode: 300 loss 0.0455
episode: 400 loss 0.0455
episode: 500 loss 0.0455
episode: 600 loss 0.0400
episode: 700 loss 0.0435
episode: 800 loss 0.0667
episode: 900 loss 0.0417
episode: 1000 loss 0.0500
episode: 1100 loss 0.0455
episode: 1200 loss 0.0500
episode: 1300 loss 0.0526
episode: 1400 loss 0.0400
episode: 1500 loss 0.0455
episode: 1600 loss 0.0476
episode: 1700 loss 0.0526
episode: 1800 loss 0.0526
episode: 1900 loss 0.0455
episode: 2000 loss 0.0435
Testing...
class num: 50
class num: 50
seen=0.0250, unseen=0.0000, h=0.0000
episode: 2100 loss 0.0476
episode: 2200 loss 0.0435
episode: 2300 loss 0.0625
episode: 2400 loss 0.0476
episode: 2500 loss 0.0476
episode: 2600 loss 0.0435
episode: 2700 loss 0.0435
episode: 2800 loss 0.0455
episode: 2900 loss 0.0455
episode: 3000 loss 0.0435
episode: 3100 loss 0.0435
episode: 3200 loss 0.0435
episode: 3300 loss 0.0476
episode: 3400 loss 0.0526
episode: 3500 loss 0.0500
episode: 3600 loss 0.0526
episode: 3700 loss 0.0435
episode: 3800 loss 0.0476
episode: 3900 loss 0.0476
episode: 4000 loss 0.0476
Testing...
class num: 50
class num: 50
seen=0.0250, unseen=0.0000, h=0.0000
episode: 4100 loss 0.0500
episode: 4200 loss 0.0435
episode: 4300 loss 0.0500
episode: 4400 loss 0.0400
episode: 4500 loss 0.0455
episode: 4600 loss 0.0500
episode: 4700 loss 0.0370
episode: 4800 loss 0.0588
episode: 4900 loss 0.0500
episode: 5000 loss 0.0476
episode: 5100 loss 0.0435
episode: 5200 loss 0.0500
episode: 5300 loss 0.0455
episode: 5400 loss 0.0526
episode: 5500 loss 0.0500
episode: 5600 loss 0.0500
episode: 5700 loss 0.0526
episode: 5800 loss 0.0476
episode: 5900 loss 0.0455
episode: 6000 loss 0.0455
Testing...
class num: 50
class num: 50
seen=0.0250, unseen=0.0000, h=0.0000
episode: 6100 loss 0.0500
episode: 6200 loss 0.0455
episode: 6300 loss 0.0526
episode: 6400 loss 0.0476
episode: 6500 loss 0.0500
episode: 6600 loss 0.0526
episode: 6700 loss 0.0500
episode: 6800 loss 0.0500
episode: 6900 loss 0.0476
episode: 7000 loss 0.0526
episode: 7100 loss 0.0476
episode: 7200 loss 0.0435
episode: 7300 loss 0.0455
episode: 7400 loss 0.0455
episode: 7500 loss 0.0417
episode: 7600 loss 0.0417
episode: 7700 loss 0.0500
episode: 7800 loss 0.0526
episode: 7900 loss 0.0417
episode: 8000 loss 0.0417
Testing...
class num: 50
class num: 50
seen=0.0250, unseen=0.0000, h=0.0000
episode: 8100 loss 0.0526
episode: 8200 loss 0.0500
episode: 8300 loss 0.0526
episode: 8400 loss 0.0500
episode: 8500 loss 0.0476
episode: 8600 loss 0.0455
episode: 8700 loss 0.0417
episode: 8800 loss 0.0526
episode: 8900 loss 0.0400
episode: 9000 loss 0.0435
episode: 9100 loss 0.0556
episode: 9200 loss 0.0417
episode: 9300 loss 0.0417
episode: 9400 loss 0.0526
episode: 9500 loss 0.0455
episode: 9600 loss 0.0385
episode: 9700 loss 0.0476
episode: 9800 loss 0.0455
episode: 9900 loss 0.0500
episode: 10000 loss 0.0500
Testing...
class num: 50
class num: 50
seen=0.0000, unseen=0.1000, h=0.0000
episode: 10100 loss 0.0556
episode: 10200 loss 0.0476
episode: 10300 loss 0.0500
episode: 10400 loss 0.0417
episode: 10500 loss 0.0500
episode: 10600 loss 0.0500
episode: 10700 loss 0.0455
episode: 10800 loss 0.0435
episode: 10900 loss 0.0556
episode: 11000 loss 0.0455
episode: 11100 loss 0.0417
episode: 11200 loss 0.0435
episode: 11300 loss 0.0435
episode: 11400 loss 0.0476
episode: 11500 loss 0.0500
episode: 11600 loss 0.0435
episode: 11700 loss 0.0556
episode: 11800 loss 0.0435
episode: 11900 loss 0.0500
episode: 12000 loss 0.0417
Testing...
class num: 50
class num: 50
seen=0.0000, unseen=0.1000, h=0.0000
episode: 12100 loss 0.0526
episode: 12200 loss 0.0476
episode: 12300 loss 0.0435
episode: 12400 loss 0.0476
episode: 12500 loss 0.0476
episode: 12600 loss 0.0556
episode: 12700 loss 0.0435
episode: 12800 loss 0.0435
episode: 12900 loss 0.0455
episode: 13000 loss 0.0500
episode: 13100 loss 0.0476
episode: 13200 loss 0.0500
episode: 13300 loss 0.0588
episode: 13400 loss 0.0417
episode: 13500 loss 0.0500
episode: 13600 loss 0.0500
episode: 13700 loss 0.0435
episode: 13800 loss 0.0400
episode: 13900 loss 0.0400
episode: 14000 loss 0.0455
Testing...
class num: 50
class num: 50
seen=0.0250, unseen=0.0000, h=0.0000
episode: 14100 loss 0.0435
episode: 14200 loss 0.0435
episode: 14300 loss 0.0476
episode: 14400 loss 0.0435
episode: 14500 loss 0.0471
episode: 14600 loss 0.0428
episode: 14700 loss 0.0338
episode: 14800 loss 0.0332
episode: 14900 loss 0.0277
episode: 15000 loss 0.0258
episode: 15100 loss 0.0198
episode: 15200 loss 0.0188
episode: 15300 loss 0.0225
episode: 15400 loss 0.0171
episode: 15500 loss 0.0159
episode: 15600 loss 0.0181
episode: 15700 loss 0.0147
episode: 15800 loss 0.0111
episode: 15900 loss 0.0113
episode: 16000 loss 0.0136
Testing...
class num: 50
class num: 50
seen=0.7930, unseen=0.1845, h=0.2994
save networks for episode: 15999
episode: 16100 loss 0.0095
episode: 16200 loss 0.0129
episode: 16300 loss 0.0110
episode: 16400 loss 0.0083
episode: 16500 loss 0.0130
episode: 16600 loss 0.0091
episode: 16700 loss 0.0094
episode: 16800 loss 0.0091
episode: 16900 loss 0.0083
episode: 17000 loss 0.0078
episode: 17100 loss 0.0083
episode: 17200 loss 0.0094
episode: 17300 loss 0.0096
episode: 17400 loss 0.0093
episode: 17500 loss 0.0070
episode: 17600 loss 0.0079
episode: 17700 loss 0.0086
episode: 17800 loss 0.0054
episode: 17900 loss 0.0094
episode: 18000 loss 0.0081
Testing...
class num: 50
class num: 50
seen=0.8184, unseen=0.2530, h=0.3865
save networks for episode: 17999
episode: 18100 loss 0.0134
episode: 18200 loss 0.0097
episode: 18300 loss 0.0103
episode: 18400 loss 0.0077
episode: 18500 loss 0.0093
episode: 18600 loss 0.0097
episode: 18700 loss 0.0071
episode: 18800 loss 0.0067
episode: 18900 loss 0.0131
episode: 19000 loss 0.0075
episode: 19100 loss 0.0084
episode: 19200 loss 0.0076
episode: 19300 loss 0.0067
episode: 19400 loss 0.0036
episode: 19500 loss 0.0092
episode: 19600 loss 0.0076
episode: 19700 loss 0.0056
episode: 19800 loss 0.0064
episode: 19900 loss 0.0029
episode: 20000 loss 0.0061
Testing...
class num: 50
class num: 50
seen=0.8440, unseen=0.2912, h=0.4331
save networks for episode: 19999
episode: 20100 loss 0.0068
episode: 20200 loss 0.0057
episode: 20300 loss 0.0072
episode: 20400 loss 0.0052
episode: 20500 loss 0.0027
episode: 20600 loss 0.0052
episode: 20700 loss 0.0036
episode: 20800 loss 0.0044
episode: 20900 loss 0.0064
episode: 21000 loss 0.0063
episode: 21100 loss 0.0054
episode: 21200 loss 0.0051
episode: 21300 loss 0.0046
episode: 21400 loss 0.0056
episode: 21500 loss 0.0051
episode: 21600 loss 0.0088
episode: 21700 loss 0.0032
episode: 21800 loss 0.0056
episode: 21900 loss 0.0095
episode: 22000 loss 0.0044
Testing...
class num: 50
class num: 50
seen=0.8602, unseen=0.2946, h=0.4388
save networks for episode: 21999
episode: 22100 loss 0.0077
episode: 22200 loss 0.0104
episode: 22300 loss 0.0053
episode: 22400 loss 0.0049
episode: 22500 loss 0.0046
episode: 22600 loss 0.0041
episode: 22700 loss 0.0042
episode: 22800 loss 0.0034
episode: 22900 loss 0.0026
episode: 23000 loss 0.0053
episode: 23100 loss 0.0039
episode: 23200 loss 0.0033
episode: 23300 loss 0.0078
episode: 23400 loss 0.0043
episode: 23500 loss 0.0070
episode: 23600 loss 0.0066
episode: 23700 loss 0.0031
episode: 23800 loss 0.0064
episode: 23900 loss 0.0074
episode: 24000 loss 0.0045
Testing...
class num: 50
class num: 50
seen=0.8476, unseen=0.3392, h=0.4845
save networks for episode: 23999
episode: 24100 loss 0.0060
episode: 24200 loss 0.0031
episode: 24300 loss 0.0105
episode: 24400 loss 0.0021
episode: 24500 loss 0.0068
episode: 24600 loss 0.0032
episode: 24700 loss 0.0025
episode: 24800 loss 0.0028
episode: 24900 loss 0.0031
episode: 25000 loss 0.0092
episode: 25100 loss 0.0014
episode: 25200 loss 0.0021
episode: 25300 loss 0.0015
episode: 25400 loss 0.0029
episode: 25500 loss 0.0051
episode: 25600 loss 0.0010
episode: 25700 loss 0.0068
episode: 25800 loss 0.0045
episode: 25900 loss 0.0022
episode: 26000 loss 0.0084
Testing...
class num: 50
class num: 50
seen=0.8557, unseen=0.3568, h=0.5036
save networks for episode: 25999
episode: 26100 loss 0.0037
episode: 26200 loss 0.0022
episode: 26300 loss 0.0078
episode: 26400 loss 0.0038
episode: 26500 loss 0.0066
episode: 26600 loss 0.0055
episode: 26700 loss 0.0041
episode: 26800 loss 0.0039
episode: 26900 loss 0.0013
episode: 27000 loss 0.0054
episode: 27100 loss 0.0035
episode: 27200 loss 0.0030
episode: 27300 loss 0.0040
episode: 27400 loss 0.0049
episode: 27500 loss 0.0031
episode: 27600 loss 0.0067
episode: 27700 loss 0.0049
episode: 27800 loss 0.0095
episode: 27900 loss 0.0035
episode: 28000 loss 0.0122
Testing...
class num: 50
class num: 50
seen=0.8568, unseen=0.3425, h=0.4894
episode: 28100 loss 0.0045
episode: 28200 loss 0.0025
episode: 28300 loss 0.0030
episode: 28400 loss 0.0025
episode: 28500 loss 0.0038
episode: 28600 loss 0.0031
episode: 28700 loss 0.0029
episode: 28800 loss 0.0032
episode: 28900 loss 0.0040
episode: 29000 loss 0.0016
episode: 29100 loss 0.0033
episode: 29200 loss 0.0022
episode: 29300 loss 0.0055
episode: 29400 loss 0.0016
episode: 29500 loss 0.0023
episode: 29600 loss 0.0023
episode: 29700 loss 0.0038
episode: 29800 loss 0.0046
episode: 29900 loss 0.0074
episode: 30000 loss 0.0060
Testing...
class num: 50
class num: 50
seen=0.8583, unseen=0.3713, h=0.5184
save networks for episode: 29999
episode: 30100 loss 0.0015
episode: 30200 loss 0.0038
episode: 30300 loss 0.0035
episode: 30400 loss 0.0037
episode: 30500 loss 0.0036
episode: 30600 loss 0.0023
episode: 30700 loss 0.0020
episode: 30800 loss 0.0114
episode: 30900 loss 0.0058
episode: 31000 loss 0.0051
episode: 31100 loss 0.0027
episode: 31200 loss 0.0058
episode: 31300 loss 0.0040
episode: 31400 loss 0.0054
episode: 31500 loss 0.0051
episode: 31600 loss 0.0023
episode: 31700 loss 0.0039
episode: 31800 loss 0.0094
episode: 31900 loss 0.0030
episode: 32000 loss 0.0042
Testing...
class num: 50
class num: 50
seen=0.8547, unseen=0.3894, h=0.5351
save networks for episode: 31999
episode: 32100 loss 0.0024
episode: 32200 loss 0.0051
episode: 32300 loss 0.0032
episode: 32400 loss 0.0029
episode: 32500 loss 0.0042
episode: 32600 loss 0.0043
episode: 32700 loss 0.0031
episode: 32800 loss 0.0012
episode: 32900 loss 0.0021
episode: 33000 loss 0.0055
episode: 33100 loss 0.0087
episode: 33200 loss 0.0048
episode: 33300 loss 0.0068
episode: 33400 loss 0.0052
episode: 33500 loss 0.0034
episode: 33600 loss 0.0081
episode: 33700 loss 0.0038
episode: 33800 loss 0.0020
episode: 33900 loss 0.0043
episode: 34000 loss 0.0030
Testing...
class num: 50
class num: 50
seen=0.8594, unseen=0.3897, h=0.5362
save networks for episode: 33999
episode: 34100 loss 0.0044
episode: 34200 loss 0.0025
episode: 34300 loss 0.0031
episode: 34400 loss 0.0034
episode: 34500 loss 0.0060
episode: 34600 loss 0.0025
episode: 34700 loss 0.0030
episode: 34800 loss 0.0030
episode: 34900 loss 0.0034
episode: 35000 loss 0.0028
episode: 35100 loss 0.0027
episode: 35200 loss 0.0022
episode: 35300 loss 0.0030
episode: 35400 loss 0.0036
episode: 35500 loss 0.0066
episode: 35600 loss 0.0042
episode: 35700 loss 0.0030
episode: 35800 loss 0.0038
episode: 35900 loss 0.0020
episode: 36000 loss 0.0014
Testing...
class num: 50
class num: 50
seen=0.8646, unseen=0.4267, h=0.5715
save networks for episode: 35999
episode: 36100 loss 0.0041
episode: 36200 loss 0.0016
episode: 36300 loss 0.0016
episode: 36400 loss 0.0028
episode: 36500 loss 0.0040
episode: 36600 loss 0.0031
episode: 36700 loss 0.0007
episode: 36800 loss 0.0049
episode: 36900 loss 0.0023
episode: 37000 loss 0.0027
episode: 37100 loss 0.0060
episode: 37200 loss 0.0041
episode: 37300 loss 0.0019
episode: 37400 loss 0.0016
episode: 37500 loss 0.0036
episode: 37600 loss 0.0033
episode: 37700 loss 0.0039
episode: 37800 loss 0.0014
episode: 37900 loss 0.0028
episode: 38000 loss 0.0027
Testing...
class num: 50
class num: 50
seen=0.8564, unseen=0.4117, h=0.5561
episode: 38100 loss 0.0074
episode: 38200 loss 0.0027
episode: 38300 loss 0.0025
episode: 38400 loss 0.0024
episode: 38500 loss 0.0068
episode: 38600 loss 0.0038
episode: 38700 loss 0.0024
episode: 38800 loss 0.0022
episode: 38900 loss 0.0019
episode: 39000 loss 0.0016
episode: 39100 loss 0.0046
episode: 39200 loss 0.0037
episode: 39300 loss 0.0023
episode: 39400 loss 0.0035
episode: 39500 loss 0.0051
episode: 39600 loss 0.0020
episode: 39700 loss 0.0026
episode: 39800 loss 0.0021
episode: 39900 loss 0.0033
episode: 40000 loss 0.0019
Testing...
class num: 50
class num: 50
seen=0.8525, unseen=0.4381, h=0.5788
save networks for episode: 39999
episode: 40100 loss 0.0042
episode: 40200 loss 0.0014
episode: 40300 loss 0.0053
episode: 40400 loss 0.0027
episode: 40500 loss 0.0052
episode: 40600 loss 0.0021
episode: 40700 loss 0.0024
episode: 40800 loss 0.0016
episode: 40900 loss 0.0019
episode: 41000 loss 0.0046
episode: 41100 loss 0.0012
episode: 41200 loss 0.0013
episode: 41300 loss 0.0031
episode: 41400 loss 0.0027
episode: 41500 loss 0.0017
episode: 41600 loss 0.0047
episode: 41700 loss 0.0033
episode: 41800 loss 0.0046
episode: 41900 loss 0.0036
episode: 42000 loss 0.0053
Testing...
class num: 50
class num: 50
seen=0.8558, unseen=0.4543, h=0.5936
save networks for episode: 41999
episode: 42100 loss 0.0022
episode: 42200 loss 0.0038
episode: 42300 loss 0.0024
episode: 42400 loss 0.0054
episode: 42500 loss 0.0034
episode: 42600 loss 0.0089
episode: 42700 loss 0.0032
episode: 42800 loss 0.0043
episode: 42900 loss 0.0043
episode: 43000 loss 0.0028
episode: 43100 loss 0.0024
episode: 43200 loss 0.0035
episode: 43300 loss 0.0041
episode: 43400 loss 0.0015
episode: 43500 loss 0.0047
episode: 43600 loss 0.0041
episode: 43700 loss 0.0030
episode: 43800 loss 0.0027
episode: 43900 loss 0.0043
episode: 44000 loss 0.0014
Testing...
class num: 50
class num: 50
seen=0.8539, unseen=0.4590, h=0.5971
save networks for episode: 43999
episode: 44100 loss 0.0013
episode: 44200 loss 0.0021
episode: 44300 loss 0.0016
episode: 44400 loss 0.0018
episode: 44500 loss 0.0030
episode: 44600 loss 0.0042
episode: 44700 loss 0.0025
episode: 44800 loss 0.0028
episode: 44900 loss 0.0032
episode: 45000 loss 0.0047
episode: 45100 loss 0.0021
episode: 45200 loss 0.0063
episode: 45300 loss 0.0022
episode: 45400 loss 0.0048
episode: 45500 loss 0.0023
episode: 45600 loss 0.0044
episode: 45700 loss 0.0009
episode: 45800 loss 0.0012
episode: 45900 loss 0.0027
episode: 46000 loss 0.0052
Testing...
class num: 50
class num: 50
seen=0.8548, unseen=0.4299, h=0.5721
episode: 46100 loss 0.0035
episode: 46200 loss 0.0035
episode: 46300 loss 0.0020
episode: 46400 loss 0.0034
episode: 46500 loss 0.0026
episode: 46600 loss 0.0008
episode: 46700 loss 0.0016
episode: 46800 loss 0.0017
episode: 46900 loss 0.0035
episode: 47000 loss 0.0034
episode: 47100 loss 0.0022
episode: 47200 loss 0.0023
episode: 47300 loss 0.0028
episode: 47400 loss 0.0038
episode: 47500 loss 0.0019
episode: 47600 loss 0.0015
episode: 47700 loss 0.0038
episode: 47800 loss 0.0029
episode: 47900 loss 0.0044
episode: 48000 loss 0.0028
Testing...
class num: 50
class num: 50
seen=0.8574, unseen=0.4339, h=0.5762
episode: 48100 loss 0.0013
episode: 48200 loss 0.0011
episode: 48300 loss 0.0015
episode: 48400 loss 0.0027
episode: 48500 loss 0.0018
episode: 48600 loss 0.0012
episode: 48700 loss 0.0015
episode: 48800 loss 0.0011
episode: 48900 loss 0.0020
episode: 49000 loss 0.0023
episode: 49100 loss 0.0047
episode: 49200 loss 0.0044
episode: 49300 loss 0.0027
episode: 49400 loss 0.0039
episode: 49500 loss 0.0009
episode: 49600 loss 0.0039
episode: 49700 loss 0.0008
episode: 49800 loss 0.0016
episode: 49900 loss 0.0031
episode: 50000 loss 0.0015
Testing...
class num: 50
class num: 50
seen=0.8566, unseen=0.4402, h=0.5815
episode: 50100 loss 0.0018
episode: 50200 loss 0.0036
episode: 50300 loss 0.0014
episode: 50400 loss 0.0044
episode: 50500 loss 0.0030
episode: 50600 loss 0.0047
episode: 50700 loss 0.0013
episode: 50800 loss 0.0029
episode: 50900 loss 0.0009
episode: 51000 loss 0.0006
episode: 51100 loss 0.0016
episode: 51200 loss 0.0010
episode: 51300 loss 0.0030
episode: 51400 loss 0.0037
episode: 51500 loss 0.0017
episode: 51600 loss 0.0014
episode: 51700 loss 0.0024
episode: 51800 loss 0.0020
episode: 51900 loss 0.0022
episode: 52000 loss 0.0011
Testing...
class num: 50
class num: 50
seen=0.8595, unseen=0.4390, h=0.5812
episode: 52100 loss 0.0030
episode: 52200 loss 0.0027
episode: 52300 loss 0.0037
episode: 52400 loss 0.0016
episode: 52500 loss 0.0027
episode: 52600 loss 0.0035
episode: 52700 loss 0.0022
episode: 52800 loss 0.0010
episode: 52900 loss 0.0057
episode: 53000 loss 0.0035
episode: 53100 loss 0.0027
episode: 53200 loss 0.0016
episode: 53300 loss 0.0008
episode: 53400 loss 0.0040
episode: 53500 loss 0.0048
episode: 53600 loss 0.0015
episode: 53700 loss 0.0010
episode: 53800 loss 0.0033
episode: 53900 loss 0.0010
episode: 54000 loss 0.0047
Testing...
class num: 50
class num: 50
seen=0.8545, unseen=0.4569, h=0.5955
episode: 54100 loss 0.0018
episode: 54200 loss 0.0028
episode: 54300 loss 0.0016
episode: 54400 loss 0.0052
episode: 54500 loss 0.0024
episode: 54600 loss 0.0028
episode: 54700 loss 0.0019
episode: 54800 loss 0.0036
episode: 54900 loss 0.0034
episode: 55000 loss 0.0036
episode: 55100 loss 0.0030
episode: 55200 loss 0.0018
episode: 55300 loss 0.0024
episode: 55400 loss 0.0009
episode: 55500 loss 0.0025
episode: 55600 loss 0.0031
episode: 55700 loss 0.0020
episode: 55800 loss 0.0029
episode: 55900 loss 0.0015
episode: 56000 loss 0.0004
Testing...
class num: 50
class num: 50
seen=0.8565, unseen=0.4484, h=0.5886
episode: 56100 loss 0.0017
episode: 56200 loss 0.0061
episode: 56300 loss 0.0010
episode: 56400 loss 0.0013
episode: 56500 loss 0.0043
episode: 56600 loss 0.0013
episode: 56700 loss 0.0035
episode: 56800 loss 0.0031
episode: 56900 loss 0.0010
episode: 57000 loss 0.0008
episode: 57100 loss 0.0017
episode: 57200 loss 0.0041
episode: 57300 loss 0.0033
episode: 57400 loss 0.0015
episode: 57500 loss 0.0026
episode: 57600 loss 0.0015
episode: 57700 loss 0.0009
episode: 57800 loss 0.0024
episode: 57900 loss 0.0021
episode: 58000 loss 0.0017
Testing...
class num: 50
class num: 50
seen=0.8470, unseen=0.4471, h=0.5852
episode: 58100 loss 0.0012
episode: 58200 loss 0.0036
episode: 58300 loss 0.0028
episode: 58400 loss 0.0012
episode: 58500 loss 0.0008
episode: 58600 loss 0.0031
episode: 58700 loss 0.0011
episode: 58800 loss 0.0004
episode: 58900 loss 0.0030
episode: 59000 loss 0.0008
episode: 59100 loss 0.0019
episode: 59200 loss 0.0046
episode: 59300 loss 0.0018
episode: 59400 loss 0.0012
episode: 59500 loss 0.0014
episode: 59600 loss 0.0013
episode: 59700 loss 0.0014
episode: 59800 loss 0.0029
episode: 59900 loss 0.0039
episode: 60000 loss 0.0013
Testing...
class num: 50
class num: 50
seen=0.8553, unseen=0.4569, h=0.5957
episode: 60100 loss 0.0005
episode: 60200 loss 0.0027
episode: 60300 loss 0.0009
episode: 60400 loss 0.0019
episode: 60500 loss 0.0023
episode: 60600 loss 0.0026
episode: 60700 loss 0.0020
episode: 60800 loss 0.0016
episode: 60900 loss 0.0014
episode: 61000 loss 0.0010
episode: 61100 loss 0.0009
episode: 61200 loss 0.0023
episode: 61300 loss 0.0015
episode: 61400 loss 0.0032
episode: 61500 loss 0.0009
episode: 61600 loss 0.0025
episode: 61700 loss 0.0019
episode: 61800 loss 0.0037
episode: 61900 loss 0.0019
episode: 62000 loss 0.0037
Testing...
class num: 50
class num: 50
seen=0.8629, unseen=0.4508, h=0.5922
episode: 62100 loss 0.0026
episode: 62200 loss 0.0010
episode: 62300 loss 0.0016
episode: 62400 loss 0.0021
episode: 62500 loss 0.0014
episode: 62600 loss 0.0020
episode: 62700 loss 0.0028
episode: 62800 loss 0.0028
episode: 62900 loss 0.0014
episode: 63000 loss 0.0011
episode: 63100 loss 0.0024
episode: 63200 loss 0.0036
episode: 63300 loss 0.0068
episode: 63400 loss 0.0024
episode: 63500 loss 0.0024
episode: 63600 loss 0.0017
episode: 63700 loss 0.0009
episode: 63800 loss 0.0016
episode: 63900 loss 0.0018
episode: 64000 loss 0.0003
Testing...
class num: 50
class num: 50
seen=0.8589, unseen=0.4810, h=0.6166
save networks for episode: 63999
episode: 64100 loss 0.0009
episode: 64200 loss 0.0013
episode: 64300 loss 0.0019
episode: 64400 loss 0.0050
episode: 64500 loss 0.0014
episode: 64600 loss 0.0048
episode: 64700 loss 0.0018
episode: 64800 loss 0.0011
episode: 64900 loss 0.0008
episode: 65000 loss 0.0020
episode: 65100 loss 0.0007
episode: 65200 loss 0.0020
episode: 65300 loss 0.0027
episode: 65400 loss 0.0022
episode: 65500 loss 0.0004
episode: 65600 loss 0.0028
episode: 65700 loss 0.0012
episode: 65800 loss 0.0023
episode: 65900 loss 0.0020
episode: 66000 loss 0.0020
Testing...
class num: 50
class num: 50
seen=0.8545, unseen=0.4436, h=0.5840
episode: 66100 loss 0.0016
episode: 66200 loss 0.0017
episode: 66300 loss 0.0008
episode: 66400 loss 0.0020
episode: 66500 loss 0.0015
episode: 66600 loss 0.0014
episode: 66700 loss 0.0032
episode: 66800 loss 0.0021
episode: 66900 loss 0.0015
episode: 67000 loss 0.0015
episode: 67100 loss 0.0007
episode: 67200 loss 0.0030
episode: 67300 loss 0.0008
episode: 67400 loss 0.0012
episode: 67500 loss 0.0012
episode: 67600 loss 0.0029
episode: 67700 loss 0.0018
episode: 67800 loss 0.0021
episode: 67900 loss 0.0009
episode: 68000 loss 0.0012
Testing...
class num: 50
class num: 50
seen=0.8513, unseen=0.4715, h=0.6069
episode: 68100 loss 0.0018
episode: 68200 loss 0.0011
episode: 68300 loss 0.0022
episode: 68400 loss 0.0021
episode: 68500 loss 0.0017
episode: 68600 loss 0.0006
episode: 68700 loss 0.0013
episode: 68800 loss 0.0028
episode: 68900 loss 0.0026
episode: 69000 loss 0.0010
episode: 69100 loss 0.0016
episode: 69200 loss 0.0028
episode: 69300 loss 0.0021
episode: 69400 loss 0.0023
episode: 69500 loss 0.0009
episode: 69600 loss 0.0007
episode: 69700 loss 0.0012
episode: 69800 loss 0.0006
episode: 69900 loss 0.0037
episode: 70000 loss 0.0035
Testing...
class num: 50
class num: 50
seen=0.8537, unseen=0.4584, h=0.5965
episode: 70100 loss 0.0005
episode: 70200 loss 0.0019
episode: 70300 loss 0.0008
episode: 70400 loss 0.0010
episode: 70500 loss 0.0010
episode: 70600 loss 0.0009
episode: 70700 loss 0.0007
episode: 70800 loss 0.0007
episode: 70900 loss 0.0016
episode: 71000 loss 0.0018
episode: 71100 loss 0.0006
episode: 71200 loss 0.0014
episode: 71300 loss 0.0010
episode: 71400 loss 0.0014
episode: 71500 loss 0.0011
episode: 71600 loss 0.0014
episode: 71700 loss 0.0010
episode: 71800 loss 0.0015
episode: 71900 loss 0.0037
episode: 72000 loss 0.0009
Testing...
class num: 50
class num: 50
seen=0.8544, unseen=0.4777, h=0.6128
episode: 72100 loss 0.0004
episode: 72200 loss 0.0008
episode: 72300 loss 0.0006
episode: 72400 loss 0.0013
episode: 72500 loss 0.0006
episode: 72600 loss 0.0033
episode: 72700 loss 0.0009
episode: 72800 loss 0.0009
episode: 72900 loss 0.0010
episode: 73000 loss 0.0009
episode: 73100 loss 0.0011
episode: 73200 loss 0.0029
episode: 73300 loss 0.0035
episode: 73400 loss 0.0012
episode: 73500 loss 0.0005
episode: 73600 loss 0.0014
episode: 73700 loss 0.0030
episode: 73800 loss 0.0015
episode: 73900 loss 0.0023
episode: 74000 loss 0.0011
Testing...
class num: 50
class num: 50
seen=0.8561, unseen=0.4694, h=0.6064
episode: 74100 loss 0.0018
episode: 74200 loss 0.0031
episode: 74300 loss 0.0034
episode: 74400 loss 0.0029
episode: 74500 loss 0.0023
episode: 74600 loss 0.0014
episode: 74700 loss 0.0032
episode: 74800 loss 0.0010
episode: 74900 loss 0.0006
episode: 75000 loss 0.0030
episode: 75100 loss 0.0016
episode: 75200 loss 0.0033
episode: 75300 loss 0.0032
episode: 75400 loss 0.0015
episode: 75500 loss 0.0021
episode: 75600 loss 0.0021
episode: 75700 loss 0.0016
episode: 75800 loss 0.0015
episode: 75900 loss 0.0015
episode: 76000 loss 0.0049
Testing...
class num: 50
class num: 50
seen=0.8459, unseen=0.4793, h=0.6119
episode: 76100 loss 0.0018
episode: 76200 loss 0.0021
episode: 76300 loss 0.0022
episode: 76400 loss 0.0018
episode: 76500 loss 0.0016
episode: 76600 loss 0.0023
episode: 76700 loss 0.0008
episode: 76800 loss 0.0004
episode: 76900 loss 0.0013
episode: 77000 loss 0.0024
episode: 77100 loss 0.0014
episode: 77200 loss 0.0021
episode: 77300 loss 0.0012
episode: 77400 loss 0.0006
episode: 77500 loss 0.0011
episode: 77600 loss 0.0015
episode: 77700 loss 0.0015
episode: 77800 loss 0.0009
episode: 77900 loss 0.0018
episode: 78000 loss 0.0009
Testing...
class num: 50
class num: 50
seen=0.8485, unseen=0.4717, h=0.6063
episode: 78100 loss 0.0052
episode: 78200 loss 0.0022
episode: 78300 loss 0.0020
episode: 78400 loss 0.0007
episode: 78500 loss 0.0017
episode: 78600 loss 0.0037
episode: 78700 loss 0.0012
episode: 78800 loss 0.0035
episode: 78900 loss 0.0024
episode: 79000 loss 0.0008
episode: 79100 loss 0.0008
episode: 79200 loss 0.0015
episode: 79300 loss 0.0012
episode: 79400 loss 0.0028
episode: 79500 loss 0.0015
episode: 79600 loss 0.0016
episode: 79700 loss 0.0016
episode: 79800 loss 0.0033
episode: 79900 loss 0.0007
episode: 80000 loss 0.0031
Testing...
class num: 50
class num: 50
seen=0.8485, unseen=0.4882, h=0.6198
save networks for episode: 79999
episode: 80100 loss 0.0012
episode: 80200 loss 0.0011
episode: 80300 loss 0.0020
episode: 80400 loss 0.0027
episode: 80500 loss 0.0007
episode: 80600 loss 0.0024
episode: 80700 loss 0.0038
episode: 80800 loss 0.0015
episode: 80900 loss 0.0032
episode: 81000 loss 0.0026
episode: 81100 loss 0.0009
episode: 81200 loss 0.0010
episode: 81300 loss 0.0018
episode: 81400 loss 0.0006
episode: 81500 loss 0.0009
episode: 81600 loss 0.0007
episode: 81700 loss 0.0009
episode: 81800 loss 0.0022
episode: 81900 loss 0.0028
episode: 82000 loss 0.0015
Testing...
class num: 50
class num: 50
seen=0.8514, unseen=0.4714, h=0.6068
episode: 82100 loss 0.0021
episode: 82200 loss 0.0022
episode: 82300 loss 0.0023
episode: 82400 loss 0.0014
episode: 82500 loss 0.0020
episode: 82600 loss 0.0018
episode: 82700 loss 0.0018
episode: 82800 loss 0.0022
episode: 82900 loss 0.0003
episode: 83000 loss 0.0025
episode: 83100 loss 0.0023
episode: 83200 loss 0.0021
episode: 83300 loss 0.0026
episode: 83400 loss 0.0025
episode: 83500 loss 0.0018
episode: 83600 loss 0.0030
episode: 83700 loss 0.0018
episode: 83800 loss 0.0018
episode: 83900 loss 0.0008
episode: 84000 loss 0.0004
Testing...
class num: 50
class num: 50
seen=0.8488, unseen=0.4822, h=0.6150
episode: 84100 loss 0.0004
episode: 84200 loss 0.0079
episode: 84300 loss 0.0025
episode: 84400 loss 0.0013
episode: 84500 loss 0.0009
episode: 84600 loss 0.0008
episode: 84700 loss 0.0008
episode: 84800 loss 0.0036
episode: 84900 loss 0.0007
episode: 85000 loss 0.0011
episode: 85100 loss 0.0019
episode: 85200 loss 0.0015
episode: 85300 loss 0.0009
episode: 85400 loss 0.0025
episode: 85500 loss 0.0029
episode: 85600 loss 0.0031
episode: 85700 loss 0.0012
episode: 85800 loss 0.0015
episode: 85900 loss 0.0022
episode: 86000 loss 0.0008
Testing...
class num: 50
class num: 50
seen=0.8479, unseen=0.4927, h=0.6232
save networks for episode: 85999
episode: 86100 loss 0.0011
episode: 86200 loss 0.0019
episode: 86300 loss 0.0029
episode: 86400 loss 0.0010
episode: 86500 loss 0.0008
episode: 86600 loss 0.0010
episode: 86700 loss 0.0009
episode: 86800 loss 0.0016
episode: 86900 loss 0.0008
episode: 87000 loss 0.0027
episode: 87100 loss 0.0009
episode: 87200 loss 0.0002
episode: 87300 loss 0.0006
episode: 87400 loss 0.0007
episode: 87500 loss 0.0004
episode: 87600 loss 0.0019
episode: 87700 loss 0.0014
episode: 87800 loss 0.0004
episode: 87900 loss 0.0029
episode: 88000 loss 0.0016
Testing...
class num: 50
class num: 50
seen=0.8465, unseen=0.4938, h=0.6238
save networks for episode: 87999
episode: 88100 loss 0.0018
episode: 88200 loss 0.0018
episode: 88300 loss 0.0023
episode: 88400 loss 0.0018
episode: 88500 loss 0.0018
episode: 88600 loss 0.0013
episode: 88700 loss 0.0006
episode: 88800 loss 0.0035
episode: 88900 loss 0.0007
episode: 89000 loss 0.0011
episode: 89100 loss 0.0016
episode: 89200 loss 0.0004
episode: 89300 loss 0.0017
episode: 89400 loss 0.0007
episode: 89500 loss 0.0003
episode: 89600 loss 0.0004
episode: 89700 loss 0.0016
episode: 89800 loss 0.0017
episode: 89900 loss 0.0027
episode: 90000 loss 0.0011
Testing...
class num: 50
class num: 50
seen=0.8489, unseen=0.4893, h=0.6208
episode: 90100 loss 0.0024
episode: 90200 loss 0.0003
episode: 90300 loss 0.0005
episode: 90400 loss 0.0027
episode: 90500 loss 0.0011
episode: 90600 loss 0.0018
episode: 90700 loss 0.0019
episode: 90800 loss 0.0006
episode: 90900 loss 0.0008
episode: 91000 loss 0.0028
episode: 91100 loss 0.0011
episode: 91200 loss 0.0006
episode: 91300 loss 0.0008
episode: 91400 loss 0.0006
episode: 91500 loss 0.0007
episode: 91600 loss 0.0010
episode: 91700 loss 0.0047
episode: 91800 loss 0.0009
episode: 91900 loss 0.0019
episode: 92000 loss 0.0008
Testing...
class num: 50
class num: 50
seen=0.8445, unseen=0.4920, h=0.6218
episode: 92100 loss 0.0012
episode: 92200 loss 0.0003
episode: 92300 loss 0.0007
episode: 92400 loss 0.0025
episode: 92500 loss 0.0014
episode: 92600 loss 0.0009
episode: 92700 loss 0.0011
episode: 92800 loss 0.0024
episode: 92900 loss 0.0016
episode: 93000 loss 0.0033
episode: 93100 loss 0.0013
episode: 93200 loss 0.0028
episode: 93300 loss 0.0016
episode: 93400 loss 0.0025
episode: 93500 loss 0.0018
episode: 93600 loss 0.0005
episode: 93700 loss 0.0038
episode: 93800 loss 0.0010
episode: 93900 loss 0.0003
episode: 94000 loss 0.0032
Testing...
class num: 50
class num: 50
seen=0.8351, unseen=0.4991, h=0.6248
save networks for episode: 93999
episode: 94100 loss 0.0017
episode: 94200 loss 0.0004
episode: 94300 loss 0.0018
episode: 94400 loss 0.0007
episode: 94500 loss 0.0008
episode: 94600 loss 0.0006
episode: 94700 loss 0.0018
episode: 94800 loss 0.0004
episode: 94900 loss 0.0003
episode: 95000 loss 0.0016
episode: 95100 loss 0.0010
episode: 95200 loss 0.0021
episode: 95300 loss 0.0007
episode: 95400 loss 0.0023
episode: 95500 loss 0.0010
episode: 95600 loss 0.0009
episode: 95700 loss 0.0009
episode: 95800 loss 0.0011
episode: 95900 loss 0.0022
episode: 96000 loss 0.0006
Testing...
class num: 50
class num: 50
seen=0.8407, unseen=0.4747, h=0.6067
episode: 96100 loss 0.0015
episode: 96200 loss 0.0024
episode: 96300 loss 0.0041
episode: 96400 loss 0.0022
episode: 96500 loss 0.0007
episode: 96600 loss 0.0008
episode: 96700 loss 0.0016
episode: 96800 loss 0.0009
episode: 96900 loss 0.0015
episode: 97000 loss 0.0025
episode: 97100 loss 0.0010
episode: 97200 loss 0.0012
episode: 97300 loss 0.0020
episode: 97400 loss 0.0008
episode: 97500 loss 0.0013
episode: 97600 loss 0.0007
episode: 97700 loss 0.0033
episode: 97800 loss 0.0019
episode: 97900 loss 0.0012
episode: 98000 loss 0.0013
Testing...
class num: 50
class num: 50
seen=0.8441, unseen=0.5028, h=0.6302
save networks for episode: 97999
episode: 98100 loss 0.0006
episode: 98200 loss 0.0006
episode: 98300 loss 0.0003
episode: 98400 loss 0.0009
episode: 98500 loss 0.0025
episode: 98600 loss 0.0006
episode: 98700 loss 0.0031
episode: 98800 loss 0.0028
episode: 98900 loss 0.0019
episode: 99000 loss 0.0008
episode: 99100 loss 0.0007
episode: 99200 loss 0.0012
episode: 99300 loss 0.0010
episode: 99400 loss 0.0006
episode: 99500 loss 0.0016
episode: 99600 loss 0.0022
episode: 99700 loss 0.0013
episode: 99800 loss 0.0007
episode: 99900 loss 0.0004
episode: 100000 loss 0.0033
Testing...
class num: 50
class num: 50
seen=0.8388, unseen=0.4907, h=0.6192
episode: 100100 loss 0.0017
episode: 100200 loss 0.0027
episode: 100300 loss 0.0006
episode: 100400 loss 0.0008
episode: 100500 loss 0.0015
episode: 100600 loss 0.0006
episode: 100700 loss 0.0014
episode: 100800 loss 0.0006
episode: 100900 loss 0.0012
episode: 101000 loss 0.0021
episode: 101100 loss 0.0016
episode: 101200 loss 0.0013
episode: 101300 loss 0.0007
episode: 101400 loss 0.0009
episode: 101500 loss 0.0009
episode: 101600 loss 0.0030
episode: 101700 loss 0.0011
episode: 101800 loss 0.0009
episode: 101900 loss 0.0043
episode: 102000 loss 0.0015
Testing...
class num: 50
class num: 50
seen=0.8419, unseen=0.4908, h=0.6201
episode: 102100 loss 0.0027
episode: 102200 loss 0.0009
episode: 102300 loss 0.0021
episode: 102400 loss 0.0025
episode: 102500 loss 0.0020
episode: 102600 loss 0.0030
episode: 102700 loss 0.0024
episode: 102800 loss 0.0009
episode: 102900 loss 0.0007
episode: 103000 loss 0.0005
episode: 103100 loss 0.0015
episode: 103200 loss 0.0015
episode: 103300 loss 0.0023
episode: 103400 loss 0.0018
episode: 103500 loss 0.0012
episode: 103600 loss 0.0005
episode: 103700 loss 0.0011
episode: 103800 loss 0.0007
episode: 103900 loss 0.0005
episode: 104000 loss 0.0014
Testing...
class num: 50
class num: 50
seen=0.8335, unseen=0.4657, h=0.5975
episode: 104100 loss 0.0027
episode: 104200 loss 0.0008
episode: 104300 loss 0.0009
episode: 104400 loss 0.0004
episode: 104500 loss 0.0016
episode: 104600 loss 0.0013
episode: 104700 loss 0.0009
episode: 104800 loss 0.0007
episode: 104900 loss 0.0007
episode: 105000 loss 0.0018
episode: 105100 loss 0.0018
episode: 105200 loss 0.0035
episode: 105300 loss 0.0010
episode: 105400 loss 0.0011
episode: 105500 loss 0.0003
episode: 105600 loss 0.0009
episode: 105700 loss 0.0010
episode: 105800 loss 0.0022
episode: 105900 loss 0.0005
episode: 106000 loss 0.0004
Testing...
class num: 50
class num: 50
seen=0.8300, unseen=0.4915, h=0.6174
episode: 106100 loss 0.0004
episode: 106200 loss 0.0013
episode: 106300 loss 0.0006
episode: 106400 loss 0.0033
episode: 106500 loss 0.0020
episode: 106600 loss 0.0006
episode: 106700 loss 0.0012
episode: 106800 loss 0.0010
episode: 106900 loss 0.0010
episode: 107000 loss 0.0013
episode: 107100 loss 0.0015
episode: 107200 loss 0.0025
episode: 107300 loss 0.0010
episode: 107400 loss 0.0009
episode: 107500 loss 0.0017
episode: 107600 loss 0.0004
episode: 107700 loss 0.0008
episode: 107800 loss 0.0016
episode: 107900 loss 0.0009
episode: 108000 loss 0.0003
Testing...
class num: 50
class num: 50
seen=0.8341, unseen=0.5100, h=0.6329
save networks for episode: 107999
episode: 108100 loss 0.0024
episode: 108200 loss 0.0024
episode: 108300 loss 0.0015
episode: 108400 loss 0.0012
episode: 108500 loss 0.0004
episode: 108600 loss 0.0008
episode: 108700 loss 0.0008
episode: 108800 loss 0.0007
episode: 108900 loss 0.0010
episode: 109000 loss 0.0006
episode: 109100 loss 0.0009
episode: 109200 loss 0.0009
episode: 109300 loss 0.0014
episode: 109400 loss 0.0011
episode: 109500 loss 0.0007
episode: 109600 loss 0.0006
episode: 109700 loss 0.0027
episode: 109800 loss 0.0017
episode: 109900 loss 0.0015
episode: 110000 loss 0.0014
Testing...
class num: 50
class num: 50
seen=0.8298, unseen=0.5015, h=0.6252
episode: 110100 loss 0.0006
episode: 110200 loss 0.0007
episode: 110300 loss 0.0029
episode: 110400 loss 0.0013
episode: 110500 loss 0.0007
episode: 110600 loss 0.0025
episode: 110700 loss 0.0007
episode: 110800 loss 0.0012
episode: 110900 loss 0.0021
episode: 111000 loss 0.0012
episode: 111100 loss 0.0011
episode: 111200 loss 0.0017
episode: 111300 loss 0.0004
episode: 111400 loss 0.0006
episode: 111500 loss 0.0029
episode: 111600 loss 0.0013
episode: 111700 loss 0.0034
episode: 111800 loss 0.0010
episode: 111900 loss 0.0029
episode: 112000 loss 0.0008
Testing...
class num: 50
class num: 50
seen=0.8258, unseen=0.4990, h=0.6221
episode: 112100 loss 0.0007
episode: 112200 loss 0.0002
episode: 112300 loss 0.0003
episode: 112400 loss 0.0021
episode: 112500 loss 0.0007
episode: 112600 loss 0.0006
episode: 112700 loss 0.0018
episode: 112800 loss 0.0006
episode: 112900 loss 0.0014
episode: 113000 loss 0.0005
episode: 113100 loss 0.0012
episode: 113200 loss 0.0034
episode: 113300 loss 0.0011
episode: 113400 loss 0.0011
episode: 113500 loss 0.0011
episode: 113600 loss 0.0010
episode: 113700 loss 0.0010
episode: 113800 loss 0.0002
episode: 113900 loss 0.0007
episode: 114000 loss 0.0025
Testing...
class num: 50
class num: 50
seen=0.8297, unseen=0.5106, h=0.6322
episode: 114100 loss 0.0008
episode: 114200 loss 0.0003
episode: 114300 loss 0.0008
episode: 114400 loss 0.0008
episode: 114500 loss 0.0005
episode: 114600 loss 0.0013
episode: 114700 loss 0.0002
episode: 114800 loss 0.0029
episode: 114900 loss 0.0022
episode: 115000 loss 0.0003
episode: 115100 loss 0.0007
episode: 115200 loss 0.0007
episode: 115300 loss 0.0017
episode: 115400 loss 0.0006
episode: 115500 loss 0.0063
episode: 115600 loss 0.0024
episode: 115700 loss 0.0008
episode: 115800 loss 0.0011
episode: 115900 loss 0.0019
episode: 116000 loss 0.0009
Testing...
class num: 50
class num: 50
seen=0.8302, unseen=0.4961, h=0.6211
episode: 116100 loss 0.0013
episode: 116200 loss 0.0008
episode: 116300 loss 0.0003
episode: 116400 loss 0.0006
episode: 116500 loss 0.0007
episode: 116600 loss 0.0007
episode: 116700 loss 0.0029
episode: 116800 loss 0.0003
episode: 116900 loss 0.0005
episode: 117000 loss 0.0007
episode: 117100 loss 0.0003
episode: 117200 loss 0.0005
episode: 117300 loss 0.0011
episode: 117400 loss 0.0008
episode: 117500 loss 0.0018
episode: 117600 loss 0.0005
episode: 117700 loss 0.0014
episode: 117800 loss 0.0006
episode: 117900 loss 0.0008
episode: 118000 loss 0.0005
Testing...
class num: 50
class num: 50
seen=0.8304, unseen=0.5073, h=0.6299
episode: 118100 loss 0.0005
episode: 118200 loss 0.0008
episode: 118300 loss 0.0011
episode: 118400 loss 0.0030
episode: 118500 loss 0.0024
episode: 118600 loss 0.0010
episode: 118700 loss 0.0009
episode: 118800 loss 0.0009
episode: 118900 loss 0.0024
episode: 119000 loss 0.0031
episode: 119100 loss 0.0006
episode: 119200 loss 0.0012
episode: 119300 loss 0.0009
episode: 119400 loss 0.0005
episode: 119500 loss 0.0013
episode: 119600 loss 0.0008
episode: 119700 loss 0.0004
episode: 119800 loss 0.0004
episode: 119900 loss 0.0006
episode: 120000 loss 0.0005
Testing...
class num: 50
class num: 50
seen=0.8261, unseen=0.4984, h=0.6217
episode: 120100 loss 0.0005
episode: 120200 loss 0.0004
episode: 120300 loss 0.0016
episode: 120400 loss 0.0007
episode: 120500 loss 0.0006
episode: 120600 loss 0.0004
episode: 120700 loss 0.0029
episode: 120800 loss 0.0005
episode: 120900 loss 0.0010
episode: 121000 loss 0.0008
episode: 121100 loss 0.0006
episode: 121200 loss 0.0027
episode: 121300 loss 0.0014
episode: 121400 loss 0.0009
episode: 121500 loss 0.0007
episode: 121600 loss 0.0008
episode: 121700 loss 0.0018
episode: 121800 loss 0.0004
episode: 121900 loss 0.0009
episode: 122000 loss 0.0009
Testing...
class num: 50
class num: 50
seen=0.8246, unseen=0.5067, h=0.6277
episode: 122100 loss 0.0007
episode: 122200 loss 0.0013
episode: 122300 loss 0.0013
episode: 122400 loss 0.0005
episode: 122500 loss 0.0027
episode: 122600 loss 0.0009
episode: 122700 loss 0.0004
episode: 122800 loss 0.0011
episode: 122900 loss 0.0017
episode: 123000 loss 0.0002
episode: 123100 loss 0.0011
episode: 123200 loss 0.0004
episode: 123300 loss 0.0006
episode: 123400 loss 0.0004
episode: 123500 loss 0.0001
episode: 123600 loss 0.0015
episode: 123700 loss 0.0010
episode: 123800 loss 0.0006
episode: 123900 loss 0.0008
episode: 124000 loss 0.0009
Testing...
class num: 50
class num: 50
seen=0.8237, unseen=0.5075, h=0.6280
episode: 124100 loss 0.0017
episode: 124200 loss 0.0007
episode: 124300 loss 0.0007
episode: 124400 loss 0.0002
episode: 124500 loss 0.0005
episode: 124600 loss 0.0010
episode: 124700 loss 0.0007
episode: 124800 loss 0.0006
episode: 124900 loss 0.0029
episode: 125000 loss 0.0011
episode: 125100 loss 0.0006
episode: 125200 loss 0.0009
episode: 125300 loss 0.0004
episode: 125400 loss 0.0017
episode: 125500 loss 0.0008
episode: 125600 loss 0.0007
episode: 125700 loss 0.0014
episode: 125800 loss 0.0022
episode: 125900 loss 0.0011
episode: 126000 loss 0.0023
Testing...
class num: 50
class num: 50
seen=0.8249, unseen=0.5019, h=0.6241
episode: 126100 loss 0.0012
episode: 126200 loss 0.0020
episode: 126300 loss 0.0005
episode: 126400 loss 0.0008
episode: 126500 loss 0.0006
episode: 126600 loss 0.0011
episode: 126700 loss 0.0015
episode: 126800 loss 0.0026
episode: 126900 loss 0.0007
episode: 127000 loss 0.0007
episode: 127100 loss 0.0003
episode: 127200 loss 0.0025
episode: 127300 loss 0.0021
episode: 127400 loss 0.0018
episode: 127500 loss 0.0018
episode: 127600 loss 0.0042
episode: 127700 loss 0.0026
episode: 127800 loss 0.0008
episode: 127900 loss 0.0009
episode: 128000 loss 0.0003
Testing...
class num: 50
class num: 50
seen=0.8292, unseen=0.5165, h=0.6365
save networks for episode: 127999
episode: 128100 loss 0.0011
episode: 128200 loss 0.0012
episode: 128300 loss 0.0022
episode: 128400 loss 0.0011
episode: 128500 loss 0.0010
episode: 128600 loss 0.0009
episode: 128700 loss 0.0016
episode: 128800 loss 0.0006
episode: 128900 loss 0.0016
episode: 129000 loss 0.0012
episode: 129100 loss 0.0016
episode: 129200 loss 0.0010
episode: 129300 loss 0.0014
episode: 129400 loss 0.0005
episode: 129500 loss 0.0010
episode: 129600 loss 0.0004
episode: 129700 loss 0.0006
episode: 129800 loss 0.0006
episode: 129900 loss 0.0002
episode: 130000 loss 0.0004
Testing...
class num: 50
class num: 50
seen=0.8260, unseen=0.5037, h=0.6258
episode: 130100 loss 0.0005
episode: 130200 loss 0.0010
episode: 130300 loss 0.0007
episode: 130400 loss 0.0006
episode: 130500 loss 0.0003
episode: 130600 loss 0.0018
episode: 130700 loss 0.0004
episode: 130800 loss 0.0015
episode: 130900 loss 0.0006
episode: 131000 loss 0.0006
episode: 131100 loss 0.0006
episode: 131200 loss 0.0014
episode: 131300 loss 0.0022
episode: 131400 loss 0.0007
episode: 131500 loss 0.0019
episode: 131600 loss 0.0012
episode: 131700 loss 0.0022
episode: 131800 loss 0.0018
episode: 131900 loss 0.0005
episode: 132000 loss 0.0005
Testing...
class num: 50
class num: 50
seen=0.8179, unseen=0.5075, h=0.6263
episode: 132100 loss 0.0011
episode: 132200 loss 0.0009
episode: 132300 loss 0.0002
episode: 132400 loss 0.0005
episode: 132500 loss 0.0004
episode: 132600 loss 0.0005
episode: 132700 loss 0.0023
episode: 132800 loss 0.0005
episode: 132900 loss 0.0028
episode: 133000 loss 0.0010
episode: 133100 loss 0.0049
episode: 133200 loss 0.0004
episode: 133300 loss 0.0016
episode: 133400 loss 0.0023
episode: 133500 loss 0.0019
episode: 133600 loss 0.0009
episode: 133700 loss 0.0006
episode: 133800 loss 0.0024
episode: 133900 loss 0.0010
episode: 134000 loss 0.0006
Testing...
class num: 50
class num: 50
seen=0.8222, unseen=0.5049, h=0.6256
episode: 134100 loss 0.0019
episode: 134200 loss 0.0021
episode: 134300 loss 0.0022
episode: 134400 loss 0.0005
episode: 134500 loss 0.0008
episode: 134600 loss 0.0010
episode: 134700 loss 0.0022
episode: 134800 loss 0.0007
episode: 134900 loss 0.0008
episode: 135000 loss 0.0009
episode: 135100 loss 0.0032
episode: 135200 loss 0.0009
episode: 135300 loss 0.0007
episode: 135400 loss 0.0025
episode: 135500 loss 0.0002
episode: 135600 loss 0.0026
episode: 135700 loss 0.0006
episode: 135800 loss 0.0006
episode: 135900 loss 0.0005
episode: 136000 loss 0.0022
Testing...
class num: 50
class num: 50
seen=0.8168, unseen=0.5253, h=0.6394
save networks for episode: 135999
episode: 136100 loss 0.0006
episode: 136200 loss 0.0012
episode: 136300 loss 0.0022
episode: 136400 loss 0.0005
episode: 136500 loss 0.0011
episode: 136600 loss 0.0019
episode: 136700 loss 0.0012
episode: 136800 loss 0.0004
episode: 136900 loss 0.0023
episode: 137000 loss 0.0014
episode: 137100 loss 0.0004
episode: 137200 loss 0.0014
episode: 137300 loss 0.0006
episode: 137400 loss 0.0010
episode: 137500 loss 0.0007
episode: 137600 loss 0.0006
episode: 137700 loss 0.0005
episode: 137800 loss 0.0008
episode: 137900 loss 0.0003
episode: 138000 loss 0.0004
Testing...
class num: 50
class num: 50
seen=0.8292, unseen=0.4959, h=0.6206
episode: 138100 loss 0.0006
episode: 138200 loss 0.0008
episode: 138300 loss 0.0013
episode: 138400 loss 0.0004
episode: 138500 loss 0.0017
episode: 138600 loss 0.0006
episode: 138700 loss 0.0005
episode: 138800 loss 0.0020
episode: 138900 loss 0.0007
episode: 139000 loss 0.0009
episode: 139100 loss 0.0022
episode: 139200 loss 0.0026
episode: 139300 loss 0.0004
episode: 139400 loss 0.0006
episode: 139500 loss 0.0006
episode: 139600 loss 0.0007
episode: 139700 loss 0.0013
episode: 139800 loss 0.0005
episode: 139900 loss 0.0004
episode: 140000 loss 0.0008
Testing...
class num: 50
class num: 50
seen=0.8139, unseen=0.5043, h=0.6227
episode: 140100 loss 0.0024
episode: 140200 loss 0.0011
episode: 140300 loss 0.0008
episode: 140400 loss 0.0002
episode: 140500 loss 0.0008
episode: 140600 loss 0.0015
episode: 140700 loss 0.0007
episode: 140800 loss 0.0004
episode: 140900 loss 0.0004
episode: 141000 loss 0.0004
episode: 141100 loss 0.0004
episode: 141200 loss 0.0016
episode: 141300 loss 0.0003
episode: 141400 loss 0.0011
episode: 141500 loss 0.0028
episode: 141600 loss 0.0004
episode: 141700 loss 0.0004
episode: 141800 loss 0.0023
episode: 141900 loss 0.0011
episode: 142000 loss 0.0023
Testing...
class num: 50
class num: 50
seen=0.8223, unseen=0.5114, h=0.6306
episode: 142100 loss 0.0007
episode: 142200 loss 0.0003
episode: 142300 loss 0.0006
episode: 142400 loss 0.0012
episode: 142500 loss 0.0009
episode: 142600 loss 0.0009
episode: 142700 loss 0.0005
episode: 142800 loss 0.0008
episode: 142900 loss 0.0006
episode: 143000 loss 0.0006
episode: 143100 loss 0.0008
episode: 143200 loss 0.0017
episode: 143300 loss 0.0013
episode: 143400 loss 0.0027
episode: 143500 loss 0.0005
episode: 143600 loss 0.0008
episode: 143700 loss 0.0018
episode: 143800 loss 0.0004
episode: 143900 loss 0.0012
episode: 144000 loss 0.0021
Testing...
class num: 50
class num: 50
seen=0.8222, unseen=0.5159, h=0.6340
episode: 144100 loss 0.0011
episode: 144200 loss 0.0010
episode: 144300 loss 0.0023
episode: 144400 loss 0.0005
episode: 144500 loss 0.0003
episode: 144600 loss 0.0009
episode: 144700 loss 0.0008
episode: 144800 loss 0.0007
episode: 144900 loss 0.0006
episode: 145000 loss 0.0011
episode: 145100 loss 0.0004
episode: 145200 loss 0.0003
episode: 145300 loss 0.0007
episode: 145400 loss 0.0004
episode: 145500 loss 0.0005
episode: 145600 loss 0.0012
episode: 145700 loss 0.0008
episode: 145800 loss 0.0006
episode: 145900 loss 0.0008
episode: 146000 loss 0.0006
Testing...
class num: 50
class num: 50
seen=0.8232, unseen=0.4966, h=0.6195
episode: 146100 loss 0.0027
episode: 146200 loss 0.0024
episode: 146300 loss 0.0003
episode: 146400 loss 0.0012
episode: 146500 loss 0.0007
episode: 146600 loss 0.0006
episode: 146700 loss 0.0009
episode: 146800 loss 0.0005
episode: 146900 loss 0.0033
episode: 147000 loss 0.0007
episode: 147100 loss 0.0004
episode: 147200 loss 0.0007
episode: 147300 loss 0.0007
episode: 147400 loss 0.0004
episode: 147500 loss 0.0007
episode: 147600 loss 0.0009
episode: 147700 loss 0.0005
episode: 147800 loss 0.0010
episode: 147900 loss 0.0009
episode: 148000 loss 0.0004
Testing...
class num: 50
class num: 50
seen=0.8118, unseen=0.5087, h=0.6255
episode: 148100 loss 0.0003
episode: 148200 loss 0.0003
episode: 148300 loss 0.0006
episode: 148400 loss 0.0008
episode: 148500 loss 0.0005
episode: 148600 loss 0.0017
episode: 148700 loss 0.0010
episode: 148800 loss 0.0004
episode: 148900 loss 0.0009
episode: 149000 loss 0.0004
episode: 149100 loss 0.0009
episode: 149200 loss 0.0030
episode: 149300 loss 0.0012
episode: 149400 loss 0.0004
episode: 149500 loss 0.0012
episode: 149600 loss 0.0005
episode: 149700 loss 0.0017
episode: 149800 loss 0.0023
episode: 149900 loss 0.0009
episode: 150000 loss 0.0003
Testing...
class num: 50
class num: 50
seen=0.8123, unseen=0.5309, h=0.6422
save networks for episode: 149999
episode: 150100 loss 0.0011
episode: 150200 loss 0.0022
episode: 150300 loss 0.0025
episode: 150400 loss 0.0007
episode: 150500 loss 0.0004
episode: 150600 loss 0.0020
episode: 150700 loss 0.0016
episode: 150800 loss 0.0009
episode: 150900 loss 0.0008
episode: 151000 loss 0.0005
episode: 151100 loss 0.0008
episode: 151200 loss 0.0004
episode: 151300 loss 0.0006
episode: 151400 loss 0.0011
episode: 151500 loss 0.0011
episode: 151600 loss 0.0005
episode: 151700 loss 0.0002
episode: 151800 loss 0.0005
episode: 151900 loss 0.0005
episode: 152000 loss 0.0005
Testing...
class num: 50
class num: 50
seen=0.8159, unseen=0.5073, h=0.6256
episode: 152100 loss 0.0013
episode: 152200 loss 0.0013
episode: 152300 loss 0.0006
episode: 152400 loss 0.0010
episode: 152500 loss 0.0005
episode: 152600 loss 0.0010
episode: 152700 loss 0.0007
episode: 152800 loss 0.0011
episode: 152900 loss 0.0009
episode: 153000 loss 0.0024
episode: 153100 loss 0.0007
episode: 153200 loss 0.0007
episode: 153300 loss 0.0008
episode: 153400 loss 0.0005
episode: 153500 loss 0.0019
episode: 153600 loss 0.0033
episode: 153700 loss 0.0014
episode: 153800 loss 0.0003
episode: 153900 loss 0.0005
episode: 154000 loss 0.0021
Testing...
class num: 50
class num: 50
seen=0.8224, unseen=0.5221, h=0.6387
episode: 154100 loss 0.0008
episode: 154200 loss 0.0013
episode: 154300 loss 0.0003
episode: 154400 loss 0.0003
episode: 154500 loss 0.0005
episode: 154600 loss 0.0015
episode: 154700 loss 0.0007
episode: 154800 loss 0.0021
episode: 154900 loss 0.0027
episode: 155000 loss 0.0004
episode: 155100 loss 0.0022
episode: 155200 loss 0.0012
episode: 155300 loss 0.0013
episode: 155400 loss 0.0010
episode: 155500 loss 0.0026
episode: 155600 loss 0.0005
episode: 155700 loss 0.0007
episode: 155800 loss 0.0021
episode: 155900 loss 0.0004
episode: 156000 loss 0.0002
Testing...
class num: 50
class num: 50
seen=0.8121, unseen=0.5319, h=0.6428
save networks for episode: 155999
episode: 156100 loss 0.0007
episode: 156200 loss 0.0019
episode: 156300 loss 0.0006
episode: 156400 loss 0.0011
episode: 156500 loss 0.0004
episode: 156600 loss 0.0010
episode: 156700 loss 0.0005
episode: 156800 loss 0.0013
episode: 156900 loss 0.0003
episode: 157000 loss 0.0013
episode: 157100 loss 0.0015
episode: 157200 loss 0.0004
episode: 157300 loss 0.0005
episode: 157400 loss 0.0015
episode: 157500 loss 0.0010
episode: 157600 loss 0.0014
episode: 157700 loss 0.0010
episode: 157800 loss 0.0007
episode: 157900 loss 0.0015
episode: 158000 loss 0.0018
Testing...
class num: 50
class num: 50
seen=0.8187, unseen=0.5202, h=0.6362
episode: 158100 loss 0.0009
episode: 158200 loss 0.0004
episode: 158300 loss 0.0004
episode: 158400 loss 0.0029
episode: 158500 loss 0.0006
episode: 158600 loss 0.0009
episode: 158700 loss 0.0021
episode: 158800 loss 0.0005
episode: 158900 loss 0.0010
episode: 159000 loss 0.0004
episode: 159100 loss 0.0016
episode: 159200 loss 0.0010
episode: 159300 loss 0.0004
episode: 159400 loss 0.0004
episode: 159500 loss 0.0012
episode: 159600 loss 0.0012
episode: 159700 loss 0.0013
episode: 159800 loss 0.0008
episode: 159900 loss 0.0005
episode: 160000 loss 0.0004
Testing...
class num: 50
class num: 50
seen=0.8111, unseen=0.5325, h=0.6429
save networks for episode: 159999
episode: 160100 loss 0.0008
episode: 160200 loss 0.0011
episode: 160300 loss 0.0007
episode: 160400 loss 0.0004
episode: 160500 loss 0.0004
episode: 160600 loss 0.0007
episode: 160700 loss 0.0005
episode: 160800 loss 0.0005
episode: 160900 loss 0.0013
episode: 161000 loss 0.0006
episode: 161100 loss 0.0021
episode: 161200 loss 0.0030
episode: 161300 loss 0.0004
episode: 161400 loss 0.0010
episode: 161500 loss 0.0004
episode: 161600 loss 0.0009
episode: 161700 loss 0.0005
episode: 161800 loss 0.0012
episode: 161900 loss 0.0015
episode: 162000 loss 0.0006
Testing...
class num: 50
class num: 50
seen=0.8092, unseen=0.4993, h=0.6176
episode: 162100 loss 0.0011
episode: 162200 loss 0.0009
episode: 162300 loss 0.0004
episode: 162400 loss 0.0007
episode: 162500 loss 0.0014
episode: 162600 loss 0.0005
episode: 162700 loss 0.0003
episode: 162800 loss 0.0008
episode: 162900 loss 0.0007
episode: 163000 loss 0.0016
episode: 163100 loss 0.0011
episode: 163200 loss 0.0008
episode: 163300 loss 0.0005
episode: 163400 loss 0.0008
episode: 163500 loss 0.0007
episode: 163600 loss 0.0008
episode: 163700 loss 0.0025
episode: 163800 loss 0.0004
episode: 163900 loss 0.0007
episode: 164000 loss 0.0003
Testing...
class num: 50
class num: 50
seen=0.8086, unseen=0.5153, h=0.6295
episode: 164100 loss 0.0010
episode: 164200 loss 0.0009
episode: 164300 loss 0.0033
episode: 164400 loss 0.0005
episode: 164500 loss 0.0003
episode: 164600 loss 0.0005
episode: 164700 loss 0.0015
episode: 164800 loss 0.0005
episode: 164900 loss 0.0009
episode: 165000 loss 0.0003
episode: 165100 loss 0.0006
episode: 165200 loss 0.0009
episode: 165300 loss 0.0007
episode: 165400 loss 0.0008
episode: 165500 loss 0.0009
episode: 165600 loss 0.0012
episode: 165700 loss 0.0006
episode: 165800 loss 0.0010
episode: 165900 loss 0.0007
episode: 166000 loss 0.0007
Testing...
class num: 50
class num: 50
seen=0.8122, unseen=0.5318, h=0.6427
episode: 166100 loss 0.0008
episode: 166200 loss 0.0003
episode: 166300 loss 0.0011
episode: 166400 loss 0.0016
episode: 166500 loss 0.0007
episode: 166600 loss 0.0006
episode: 166700 loss 0.0003
episode: 166800 loss 0.0008
episode: 166900 loss 0.0008
episode: 167000 loss 0.0009
episode: 167100 loss 0.0007
episode: 167200 loss 0.0016
episode: 167300 loss 0.0008
episode: 167400 loss 0.0005
episode: 167500 loss 0.0009
episode: 167600 loss 0.0009
episode: 167700 loss 0.0006
episode: 167800 loss 0.0009
episode: 167900 loss 0.0009
episode: 168000 loss 0.0004
Testing...
class num: 50
class num: 50
seen=0.8044, unseen=0.5115, h=0.6254
episode: 168100 loss 0.0011
episode: 168200 loss 0.0006
episode: 168300 loss 0.0030
episode: 168400 loss 0.0004
episode: 168500 loss 0.0004
episode: 168600 loss 0.0005
episode: 168700 loss 0.0008
episode: 168800 loss 0.0019
episode: 168900 loss 0.0007
episode: 169000 loss 0.0036
episode: 169100 loss 0.0004
episode: 169200 loss 0.0007
episode: 169300 loss 0.0013
episode: 169400 loss 0.0006
episode: 169500 loss 0.0007
episode: 169600 loss 0.0004
episode: 169700 loss 0.0011
episode: 169800 loss 0.0003
episode: 169900 loss 0.0003
episode: 170000 loss 0.0002
Testing...
class num: 50
class num: 50
seen=0.8127, unseen=0.5034, h=0.6217
episode: 170100 loss 0.0016
episode: 170200 loss 0.0002
episode: 170300 loss 0.0003
episode: 170400 loss 0.0003
episode: 170500 loss 0.0009
episode: 170600 loss 0.0010
episode: 170700 loss 0.0005
episode: 170800 loss 0.0030
episode: 170900 loss 0.0003
episode: 171000 loss 0.0022
episode: 171100 loss 0.0002
episode: 171200 loss 0.0006
episode: 171300 loss 0.0009
episode: 171400 loss 0.0009
episode: 171500 loss 0.0016
episode: 171600 loss 0.0025
episode: 171700 loss 0.0003
episode: 171800 loss 0.0006
episode: 171900 loss 0.0008
episode: 172000 loss 0.0012
Testing...
class num: 50
class num: 50
seen=0.8098, unseen=0.5163, h=0.6305
episode: 172100 loss 0.0009
episode: 172200 loss 0.0008
episode: 172300 loss 0.0004
episode: 172400 loss 0.0009
episode: 172500 loss 0.0006
episode: 172600 loss 0.0008
episode: 172700 loss 0.0006
episode: 172800 loss 0.0004
episode: 172900 loss 0.0009
episode: 173000 loss 0.0004
episode: 173100 loss 0.0009
episode: 173200 loss 0.0006
episode: 173300 loss 0.0005
episode: 173400 loss 0.0008
episode: 173500 loss 0.0005
episode: 173600 loss 0.0011
episode: 173700 loss 0.0018
episode: 173800 loss 0.0010
episode: 173900 loss 0.0001
episode: 174000 loss 0.0011
Testing...
class num: 50
class num: 50
seen=0.8153, unseen=0.5222, h=0.6366
episode: 174100 loss 0.0020
episode: 174200 loss 0.0011
episode: 174300 loss 0.0011
episode: 174400 loss 0.0007
episode: 174500 loss 0.0005
episode: 174600 loss 0.0004
episode: 174700 loss 0.0016
episode: 174800 loss 0.0008
episode: 174900 loss 0.0004
episode: 175000 loss 0.0008
episode: 175100 loss 0.0008
episode: 175200 loss 0.0014
episode: 175300 loss 0.0019
episode: 175400 loss 0.0004
episode: 175500 loss 0.0023
episode: 175600 loss 0.0028
episode: 175700 loss 0.0006
episode: 175800 loss 0.0021
episode: 175900 loss 0.0006
episode: 176000 loss 0.0010
Testing...
class num: 50
class num: 50
seen=0.8151, unseen=0.5134, h=0.6300
episode: 176100 loss 0.0018
episode: 176200 loss 0.0018
episode: 176300 loss 0.0010
episode: 176400 loss 0.0004
episode: 176500 loss 0.0007
episode: 176600 loss 0.0006
episode: 176700 loss 0.0008
episode: 176800 loss 0.0002
episode: 176900 loss 0.0006
episode: 177000 loss 0.0004
episode: 177100 loss 0.0007
episode: 177200 loss 0.0010
episode: 177300 loss 0.0005
episode: 177400 loss 0.0006
episode: 177500 loss 0.0024
episode: 177600 loss 0.0007
episode: 177700 loss 0.0003
episode: 177800 loss 0.0007
episode: 177900 loss 0.0013
episode: 178000 loss 0.0006
Testing...
class num: 50
class num: 50
seen=0.8083, unseen=0.5122, h=0.6270
episode: 178100 loss 0.0005
episode: 178200 loss 0.0004
episode: 178300 loss 0.0007
episode: 178400 loss 0.0023
episode: 178500 loss 0.0008
episode: 178600 loss 0.0007
episode: 178700 loss 0.0003
episode: 178800 loss 0.0007
episode: 178900 loss 0.0002
episode: 179000 loss 0.0006
episode: 179100 loss 0.0006
episode: 179200 loss 0.0005
episode: 179300 loss 0.0004
episode: 179400 loss 0.0006
episode: 179500 loss 0.0006
episode: 179600 loss 0.0003
episode: 179700 loss 0.0004
episode: 179800 loss 0.0015
episode: 179900 loss 0.0006
episode: 180000 loss 0.0005
Testing...
class num: 50
class num: 50
seen=0.8041, unseen=0.5177, h=0.6299
episode: 180100 loss 0.0004
episode: 180200 loss 0.0004
episode: 180300 loss 0.0009
episode: 180400 loss 0.0009
episode: 180500 loss 0.0010
episode: 180600 loss 0.0008
episode: 180700 loss 0.0004
episode: 180800 loss 0.0015
episode: 180900 loss 0.0017
episode: 181000 loss 0.0009
episode: 181100 loss 0.0005
episode: 181200 loss 0.0006
episode: 181300 loss 0.0005
episode: 181400 loss 0.0008
episode: 181500 loss 0.0006
episode: 181600 loss 0.0007
episode: 181700 loss 0.0014
episode: 181800 loss 0.0008
episode: 181900 loss 0.0003
episode: 182000 loss 0.0025
Testing...
class num: 50
class num: 50
seen=0.8040, unseen=0.5296, h=0.6386
episode: 182100 loss 0.0015
episode: 182200 loss 0.0019
episode: 182300 loss 0.0004
episode: 182400 loss 0.0012
episode: 182500 loss 0.0010
episode: 182600 loss 0.0006
episode: 182700 loss 0.0004
episode: 182800 loss 0.0014
episode: 182900 loss 0.0005
episode: 183000 loss 0.0010
episode: 183100 loss 0.0005
episode: 183200 loss 0.0007
episode: 183300 loss 0.0004
episode: 183400 loss 0.0006
episode: 183500 loss 0.0005
episode: 183600 loss 0.0004
episode: 183700 loss 0.0014
episode: 183800 loss 0.0004
episode: 183900 loss 0.0003
episode: 184000 loss 0.0005
Testing...
class num: 50
class num: 50
seen=0.8086, unseen=0.5123, h=0.6272
episode: 184100 loss 0.0008
episode: 184200 loss 0.0022
episode: 184300 loss 0.0004
episode: 184400 loss 0.0008
episode: 184500 loss 0.0016
episode: 184600 loss 0.0008
episode: 184700 loss 0.0016
episode: 184800 loss 0.0019
episode: 184900 loss 0.0007
episode: 185000 loss 0.0008
episode: 185100 loss 0.0038
episode: 185200 loss 0.0003
episode: 185300 loss 0.0001
episode: 185400 loss 0.0008
episode: 185500 loss 0.0009
episode: 185600 loss 0.0007
episode: 185700 loss 0.0003
episode: 185800 loss 0.0011
episode: 185900 loss 0.0008
episode: 186000 loss 0.0008
Testing...
class num: 50
class num: 50
seen=0.8062, unseen=0.5214, h=0.6333
episode: 186100 loss 0.0007
episode: 186200 loss 0.0010
episode: 186300 loss 0.0004
episode: 186400 loss 0.0004
episode: 186500 loss 0.0008
episode: 186600 loss 0.0005
episode: 186700 loss 0.0012
episode: 186800 loss 0.0003
episode: 186900 loss 0.0006
episode: 187000 loss 0.0003
episode: 187100 loss 0.0015
episode: 187200 loss 0.0008
episode: 187300 loss 0.0006
episode: 187400 loss 0.0004
episode: 187500 loss 0.0007
episode: 187600 loss 0.0029
episode: 187700 loss 0.0006
episode: 187800 loss 0.0006
episode: 187900 loss 0.0007
episode: 188000 loss 0.0007
Testing...
class num: 50
class num: 50
seen=0.8023, unseen=0.5215, h=0.6321
episode: 188100 loss 0.0005
episode: 188200 loss 0.0003
episode: 188300 loss 0.0004
episode: 188400 loss 0.0006
episode: 188500 loss 0.0002
episode: 188600 loss 0.0005
episode: 188700 loss 0.0004
episode: 188800 loss 0.0004
episode: 188900 loss 0.0004
episode: 189000 loss 0.0013
episode: 189100 loss 0.0020
episode: 189200 loss 0.0018
episode: 189300 loss 0.0006
episode: 189400 loss 0.0018
episode: 189500 loss 0.0015
episode: 189600 loss 0.0011
episode: 189700 loss 0.0016
episode: 189800 loss 0.0014
episode: 189900 loss 0.0022
episode: 190000 loss 0.0007
Testing...
class num: 50
class num: 50
seen=0.8046, unseen=0.5100, h=0.6243
episode: 190100 loss 0.0010
episode: 190200 loss 0.0006
episode: 190300 loss 0.0006
episode: 190400 loss 0.0010
episode: 190500 loss 0.0009
episode: 190600 loss 0.0003
episode: 190700 loss 0.0009
episode: 190800 loss 0.0008
episode: 190900 loss 0.0003
episode: 191000 loss 0.0008
episode: 191100 loss 0.0009
episode: 191200 loss 0.0026
episode: 191300 loss 0.0004
episode: 191400 loss 0.0013
episode: 191500 loss 0.0007
episode: 191600 loss 0.0004
episode: 191700 loss 0.0005
episode: 191800 loss 0.0004
episode: 191900 loss 0.0004
episode: 192000 loss 0.0009
Testing...
class num: 50
class num: 50
seen=0.8033, unseen=0.5325, h=0.6405
episode: 192100 loss 0.0007
episode: 192200 loss 0.0008
episode: 192300 loss 0.0014
episode: 192400 loss 0.0018
episode: 192500 loss 0.0006
episode: 192600 loss 0.0006
episode: 192700 loss 0.0010
episode: 192800 loss 0.0006
episode: 192900 loss 0.0006
episode: 193000 loss 0.0007
episode: 193100 loss 0.0009
episode: 193200 loss 0.0010
episode: 193300 loss 0.0005
episode: 193400 loss 0.0010
episode: 193500 loss 0.0013
episode: 193600 loss 0.0019
episode: 193700 loss 0.0008
episode: 193800 loss 0.0012
episode: 193900 loss 0.0002
episode: 194000 loss 0.0020
Testing...
class num: 50
class num: 50
seen=0.8031, unseen=0.5405, h=0.6462
save networks for episode: 193999
episode: 194100 loss 0.0004
episode: 194200 loss 0.0018
episode: 194300 loss 0.0009
episode: 194400 loss 0.0016
episode: 194500 loss 0.0004
episode: 194600 loss 0.0041
episode: 194700 loss 0.0005
episode: 194800 loss 0.0010
episode: 194900 loss 0.0004
episode: 195000 loss 0.0006
episode: 195100 loss 0.0007
episode: 195200 loss 0.0002
episode: 195300 loss 0.0003
episode: 195400 loss 0.0007
episode: 195500 loss 0.0017
episode: 195600 loss 0.0005
episode: 195700 loss 0.0010
episode: 195800 loss 0.0004
episode: 195900 loss 0.0002
episode: 196000 loss 0.0005
Testing...
class num: 50
class num: 50
seen=0.8098, unseen=0.5273, h=0.6387
episode: 196100 loss 0.0007
episode: 196200 loss 0.0005
episode: 196300 loss 0.0006
episode: 196400 loss 0.0038
episode: 196500 loss 0.0004
episode: 196600 loss 0.0025
episode: 196700 loss 0.0004
episode: 196800 loss 0.0010
episode: 196900 loss 0.0009
episode: 197000 loss 0.0040
episode: 197100 loss 0.0006
episode: 197200 loss 0.0009
episode: 197300 loss 0.0013
episode: 197400 loss 0.0014
episode: 197500 loss 0.0016
episode: 197600 loss 0.0008
episode: 197700 loss 0.0012
episode: 197800 loss 0.0006
episode: 197900 loss 0.0004
episode: 198000 loss 0.0011
Testing...
class num: 50
class num: 50
seen=0.7994, unseen=0.5313, h=0.6384
episode: 198100 loss 0.0011
episode: 198200 loss 0.0006
episode: 198300 loss 0.0011
episode: 198400 loss 0.0020
episode: 198500 loss 0.0019
episode: 198600 loss 0.0007
episode: 198700 loss 0.0010
episode: 198800 loss 0.0003
episode: 198900 loss 0.0016
episode: 199000 loss 0.0003
episode: 199100 loss 0.0006
episode: 199200 loss 0.0013
episode: 199300 loss 0.0025
episode: 199400 loss 0.0011
episode: 199500 loss 0.0005
episode: 199600 loss 0.0011
episode: 199700 loss 0.0003
episode: 199800 loss 0.0013
episode: 199900 loss 0.0012
episode: 200000 loss 0.0006
Testing...
class num: 50
class num: 50
seen=0.8075, unseen=0.5180, h=0.6311
episode: 200100 loss 0.0009
episode: 200200 loss 0.0006
episode: 200300 loss 0.0015
episode: 200400 loss 0.0006
episode: 200500 loss 0.0006
episode: 200600 loss 0.0018
episode: 200700 loss 0.0012
episode: 200800 loss 0.0005
episode: 200900 loss 0.0005
episode: 201000 loss 0.0002
episode: 201100 loss 0.0007
episode: 201200 loss 0.0009
episode: 201300 loss 0.0007
episode: 201400 loss 0.0005
episode: 201500 loss 0.0010
episode: 201600 loss 0.0009
episode: 201700 loss 0.0008
episode: 201800 loss 0.0032
episode: 201900 loss 0.0004
episode: 202000 loss 0.0007
Testing...
class num: 50
class num: 50
seen=0.8079, unseen=0.5246, h=0.6361
episode: 202100 loss 0.0005
episode: 202200 loss 0.0011
episode: 202300 loss 0.0004
episode: 202400 loss 0.0005
episode: 202500 loss 0.0011
episode: 202600 loss 0.0006
episode: 202700 loss 0.0016
episode: 202800 loss 0.0003
episode: 202900 loss 0.0004
episode: 203000 loss 0.0011
episode: 203100 loss 0.0006
episode: 203200 loss 0.0008
episode: 203300 loss 0.0007
episode: 203400 loss 0.0008
episode: 203500 loss 0.0003
episode: 203600 loss 0.0010
episode: 203700 loss 0.0003
episode: 203800 loss 0.0024
episode: 203900 loss 0.0008
episode: 204000 loss 0.0003
Testing...
class num: 50
class num: 50
seen=0.8025, unseen=0.5300, h=0.6384
episode: 204100 loss 0.0010
episode: 204200 loss 0.0009
episode: 204300 loss 0.0011
episode: 204400 loss 0.0007
episode: 204500 loss 0.0014
episode: 204600 loss 0.0009
episode: 204700 loss 0.0006
episode: 204800 loss 0.0006
episode: 204900 loss 0.0004
episode: 205000 loss 0.0004
episode: 205100 loss 0.0007
episode: 205200 loss 0.0003
episode: 205300 loss 0.0003
episode: 205400 loss 0.0006
episode: 205500 loss 0.0004
episode: 205600 loss 0.0027
episode: 205700 loss 0.0004
episode: 205800 loss 0.0006
episode: 205900 loss 0.0009
episode: 206000 loss 0.0003
Testing...
class num: 50
class num: 50
seen=0.8029, unseen=0.5095, h=0.6234
episode: 206100 loss 0.0003
episode: 206200 loss 0.0007
episode: 206300 loss 0.0010
episode: 206400 loss 0.0004
episode: 206500 loss 0.0007
episode: 206600 loss 0.0009
episode: 206700 loss 0.0005
episode: 206800 loss 0.0007
episode: 206900 loss 0.0010
episode: 207000 loss 0.0010
episode: 207100 loss 0.0004
episode: 207200 loss 0.0005
episode: 207300 loss 0.0003
episode: 207400 loss 0.0027
episode: 207500 loss 0.0023
episode: 207600 loss 0.0014
episode: 207700 loss 0.0010
episode: 207800 loss 0.0015
episode: 207900 loss 0.0010
episode: 208000 loss 0.0007
Testing...
class num: 50
class num: 50
seen=0.8022, unseen=0.5363, h=0.6429
episode: 208100 loss 0.0012
episode: 208200 loss 0.0011
episode: 208300 loss 0.0004
episode: 208400 loss 0.0005
episode: 208500 loss 0.0006
episode: 208600 loss 0.0005
episode: 208700 loss 0.0003
episode: 208800 loss 0.0006
episode: 208900 loss 0.0005
episode: 209000 loss 0.0004
episode: 209100 loss 0.0005
episode: 209200 loss 0.0009
episode: 209300 loss 0.0009
episode: 209400 loss 0.0005
episode: 209500 loss 0.0005
episode: 209600 loss 0.0023
episode: 209700 loss 0.0004
episode: 209800 loss 0.0010
episode: 209900 loss 0.0009
episode: 210000 loss 0.0003
Testing...
class num: 50
class num: 50
seen=0.8008, unseen=0.5253, h=0.6344
episode: 210100 loss 0.0010
episode: 210200 loss 0.0021
episode: 210300 loss 0.0003
episode: 210400 loss 0.0010
episode: 210500 loss 0.0004
episode: 210600 loss 0.0005
episode: 210700 loss 0.0006
episode: 210800 loss 0.0004
episode: 210900 loss 0.0020
episode: 211000 loss 0.0006
episode: 211100 loss 0.0017
episode: 211200 loss 0.0004
episode: 211300 loss 0.0010
episode: 211400 loss 0.0004
episode: 211500 loss 0.0011
episode: 211600 loss 0.0006
episode: 211700 loss 0.0016
episode: 211800 loss 0.0003
episode: 211900 loss 0.0017
episode: 212000 loss 0.0004
Testing...
class num: 50
class num: 50
seen=0.8024, unseen=0.5073, h=0.6216
episode: 212100 loss 0.0006
episode: 212200 loss 0.0008
episode: 212300 loss 0.0008
episode: 212400 loss 0.0006
episode: 212500 loss 0.0006
episode: 212600 loss 0.0013
episode: 212700 loss 0.0006
episode: 212800 loss 0.0008
episode: 212900 loss 0.0007
episode: 213000 loss 0.0026
episode: 213100 loss 0.0005
episode: 213200 loss 0.0033
episode: 213300 loss 0.0007
episode: 213400 loss 0.0007
episode: 213500 loss 0.0008
episode: 213600 loss 0.0022
episode: 213700 loss 0.0006
episode: 213800 loss 0.0006
episode: 213900 loss 0.0003
episode: 214000 loss 0.0005
Testing...
class num: 50
class num: 50
seen=0.7975, unseen=0.5297, h=0.6366
episode: 214100 loss 0.0006
episode: 214200 loss 0.0003
episode: 214300 loss 0.0005
episode: 214400 loss 0.0003
episode: 214500 loss 0.0008
episode: 214600 loss 0.0012
episode: 214700 loss 0.0003
episode: 214800 loss 0.0006
episode: 214900 loss 0.0008
episode: 215000 loss 0.0006
episode: 215100 loss 0.0010
episode: 215200 loss 0.0002
episode: 215300 loss 0.0004
episode: 215400 loss 0.0003
episode: 215500 loss 0.0006
episode: 215600 loss 0.0004
episode: 215700 loss 0.0011
episode: 215800 loss 0.0026
episode: 215900 loss 0.0009
episode: 216000 loss 0.0006
Testing...
class num: 50
class num: 50
seen=0.7979, unseen=0.5212, h=0.6305
episode: 216100 loss 0.0005
episode: 216200 loss 0.0005
episode: 216300 loss 0.0020
episode: 216400 loss 0.0004
episode: 216500 loss 0.0004
episode: 216600 loss 0.0008
episode: 216700 loss 0.0006
episode: 216800 loss 0.0006
episode: 216900 loss 0.0027
episode: 217000 loss 0.0006
episode: 217100 loss 0.0013
episode: 217200 loss 0.0001
episode: 217300 loss 0.0007
episode: 217400 loss 0.0006
episode: 217500 loss 0.0005
episode: 217600 loss 0.0008
episode: 217700 loss 0.0014
episode: 217800 loss 0.0017
episode: 217900 loss 0.0005
episode: 218000 loss 0.0003
Testing...
class num: 50
class num: 50
seen=0.7969, unseen=0.5336, h=0.6392
episode: 218100 loss 0.0014
episode: 218200 loss 0.0007
episode: 218300 loss 0.0005
episode: 218400 loss 0.0007
episode: 218500 loss 0.0004
episode: 218600 loss 0.0002
episode: 218700 loss 0.0006
episode: 218800 loss 0.0002
episode: 218900 loss 0.0013
episode: 219000 loss 0.0005
episode: 219100 loss 0.0014
episode: 219200 loss 0.0010
episode: 219300 loss 0.0013
episode: 219400 loss 0.0020
episode: 219500 loss 0.0006
episode: 219600 loss 0.0008
episode: 219700 loss 0.0019
episode: 219800 loss 0.0007
episode: 219900 loss 0.0007
episode: 220000 loss 0.0002
Testing...
class num: 50
class num: 50
seen=0.7861, unseen=0.5551, h=0.6507
save networks for episode: 219999
episode: 220100 loss 0.0005
episode: 220200 loss 0.0024
episode: 220300 loss 0.0002
episode: 220400 loss 0.0006
episode: 220500 loss 0.0019
episode: 220600 loss 0.0007
episode: 220700 loss 0.0003
episode: 220800 loss 0.0008
episode: 220900 loss 0.0011
episode: 221000 loss 0.0010
episode: 221100 loss 0.0016
episode: 221200 loss 0.0021
episode: 221300 loss 0.0005
episode: 221400 loss 0.0019
episode: 221500 loss 0.0003
episode: 221600 loss 0.0004
episode: 221700 loss 0.0028
episode: 221800 loss 0.0013
episode: 221900 loss 0.0004
episode: 222000 loss 0.0001
Testing...
class num: 50
class num: 50
seen=0.7975, unseen=0.5198, h=0.6294
episode: 222100 loss 0.0006
episode: 222200 loss 0.0005
episode: 222300 loss 0.0003
episode: 222400 loss 0.0015
episode: 222500 loss 0.0007
episode: 222600 loss 0.0004
episode: 222700 loss 0.0005
episode: 222800 loss 0.0015
episode: 222900 loss 0.0004
episode: 223000 loss 0.0004
episode: 223100 loss 0.0006
episode: 223200 loss 0.0006
episode: 223300 loss 0.0004
episode: 223400 loss 0.0005
episode: 223500 loss 0.0005
episode: 223600 loss 0.0003
episode: 223700 loss 0.0004
episode: 223800 loss 0.0004
episode: 223900 loss 0.0007
episode: 224000 loss 0.0006
Testing...
class num: 50
class num: 50
seen=0.7938, unseen=0.5081, h=0.6196
episode: 224100 loss 0.0005
episode: 224200 loss 0.0004
episode: 224300 loss 0.0009
episode: 224400 loss 0.0003
episode: 224500 loss 0.0005
episode: 224600 loss 0.0011
episode: 224700 loss 0.0003
episode: 224800 loss 0.0009
episode: 224900 loss 0.0006
episode: 225000 loss 0.0005
episode: 225100 loss 0.0008
episode: 225200 loss 0.0003
episode: 225300 loss 0.0001
episode: 225400 loss 0.0005
episode: 225500 loss 0.0005
episode: 225600 loss 0.0025
episode: 225700 loss 0.0010
episode: 225800 loss 0.0024
episode: 225900 loss 0.0009
episode: 226000 loss 0.0009
Testing...
class num: 50
class num: 50
seen=0.7921, unseen=0.5097, h=0.6203
episode: 226100 loss 0.0011
episode: 226200 loss 0.0002
episode: 226300 loss 0.0007
episode: 226400 loss 0.0004
episode: 226500 loss 0.0003
episode: 226600 loss 0.0011
episode: 226700 loss 0.0001
episode: 226800 loss 0.0004
episode: 226900 loss 0.0004
episode: 227000 loss 0.0006
episode: 227100 loss 0.0009
episode: 227200 loss 0.0009
episode: 227300 loss 0.0006
episode: 227400 loss 0.0005
episode: 227500 loss 0.0006
episode: 227600 loss 0.0022
episode: 227700 loss 0.0005
episode: 227800 loss 0.0008
episode: 227900 loss 0.0004
episode: 228000 loss 0.0010
Testing...
class num: 50
class num: 50
seen=0.7912, unseen=0.5268, h=0.6325
episode: 228100 loss 0.0005
episode: 228200 loss 0.0003
episode: 228300 loss 0.0005
episode: 228400 loss 0.0007
episode: 228500 loss 0.0006
episode: 228600 loss 0.0009
episode: 228700 loss 0.0008
episode: 228800 loss 0.0009
episode: 228900 loss 0.0009
episode: 229000 loss 0.0014
episode: 229100 loss 0.0008
episode: 229200 loss 0.0005
episode: 229300 loss 0.0005
episode: 229400 loss 0.0003
episode: 229500 loss 0.0007
episode: 229600 loss 0.0004
episode: 229700 loss 0.0005
episode: 229800 loss 0.0005
episode: 229900 loss 0.0006
episode: 230000 loss 0.0009
Testing...
class num: 50
class num: 50
seen=0.7952, unseen=0.5351, h=0.6397
episode: 230100 loss 0.0007
episode: 230200 loss 0.0005
episode: 230300 loss 0.0010
episode: 230400 loss 0.0004
episode: 230500 loss 0.0005
episode: 230600 loss 0.0004
episode: 230700 loss 0.0007
episode: 230800 loss 0.0008
episode: 230900 loss 0.0005
episode: 231000 loss 0.0006
episode: 231100 loss 0.0003
episode: 231200 loss 0.0003
episode: 231300 loss 0.0011
episode: 231400 loss 0.0008
episode: 231500 loss 0.0005
episode: 231600 loss 0.0015
episode: 231700 loss 0.0005
episode: 231800 loss 0.0005
episode: 231900 loss 0.0007
episode: 232000 loss 0.0004
Testing...
class num: 50
class num: 50
seen=0.7980, unseen=0.5113, h=0.6233
episode: 232100 loss 0.0007
episode: 232200 loss 0.0007
episode: 232300 loss 0.0021
episode: 232400 loss 0.0007
episode: 232500 loss 0.0003
episode: 232600 loss 0.0009
episode: 232700 loss 0.0026
episode: 232800 loss 0.0017
episode: 232900 loss 0.0012
episode: 233000 loss 0.0010
episode: 233100 loss 0.0009
episode: 233200 loss 0.0012
episode: 233300 loss 0.0015
episode: 233400 loss 0.0006
episode: 233500 loss 0.0011
episode: 233600 loss 0.0004
episode: 233700 loss 0.0013
episode: 233800 loss 0.0016
episode: 233900 loss 0.0007
episode: 234000 loss 0.0003
Testing...
class num: 50
class num: 50
seen=0.7888, unseen=0.5424, h=0.6428
episode: 234100 loss 0.0007
episode: 234200 loss 0.0003
episode: 234300 loss 0.0006
episode: 234400 loss 0.0005
episode: 234500 loss 0.0021
episode: 234600 loss 0.0004
episode: 234700 loss 0.0002
episode: 234800 loss 0.0021
episode: 234900 loss 0.0012
episode: 235000 loss 0.0010
episode: 235100 loss 0.0011
episode: 235200 loss 0.0005
episode: 235300 loss 0.0007
episode: 235400 loss 0.0006
episode: 235500 loss 0.0003
episode: 235600 loss 0.0022
episode: 235700 loss 0.0008
episode: 235800 loss 0.0014
episode: 235900 loss 0.0007
episode: 236000 loss 0.0008
Testing...
class num: 50
class num: 50
seen=0.7896, unseen=0.5335, h=0.6368
episode: 236100 loss 0.0004
episode: 236200 loss 0.0019
episode: 236300 loss 0.0008
episode: 236400 loss 0.0003
episode: 236500 loss 0.0013
episode: 236600 loss 0.0003
episode: 236700 loss 0.0004
episode: 236800 loss 0.0012
episode: 236900 loss 0.0004
episode: 237000 loss 0.0006
episode: 237100 loss 0.0003
episode: 237200 loss 0.0008
episode: 237300 loss 0.0009
episode: 237400 loss 0.0011
episode: 237500 loss 0.0009
episode: 237600 loss 0.0006
episode: 237700 loss 0.0003
episode: 237800 loss 0.0008
episode: 237900 loss 0.0018
episode: 238000 loss 0.0005
Testing...
class num: 50
class num: 50
seen=0.7920, unseen=0.5257, h=0.6320
episode: 238100 loss 0.0006
episode: 238200 loss 0.0003
episode: 238300 loss 0.0009
episode: 238400 loss 0.0003
episode: 238500 loss 0.0003
episode: 238600 loss 0.0003
episode: 238700 loss 0.0007
episode: 238800 loss 0.0006
episode: 238900 loss 0.0023
episode: 239000 loss 0.0008
episode: 239100 loss 0.0008
episode: 239200 loss 0.0010
episode: 239300 loss 0.0004
episode: 239400 loss 0.0004
episode: 239500 loss 0.0004
episode: 239600 loss 0.0006
episode: 239700 loss 0.0005
episode: 239800 loss 0.0012
episode: 239900 loss 0.0005
episode: 240000 loss 0.0003
Testing...
class num: 50
class num: 50
seen=0.7898, unseen=0.5170, h=0.6249
episode: 240100 loss 0.0012
episode: 240200 loss 0.0005
episode: 240300 loss 0.0012
episode: 240400 loss 0.0009
episode: 240500 loss 0.0006
episode: 240600 loss 0.0014
episode: 240700 loss 0.0011
episode: 240800 loss 0.0013
episode: 240900 loss 0.0016
episode: 241000 loss 0.0006
episode: 241100 loss 0.0005
episode: 241200 loss 0.0006
episode: 241300 loss 0.0004
episode: 241400 loss 0.0011
episode: 241500 loss 0.0005
episode: 241600 loss 0.0004
episode: 241700 loss 0.0006
episode: 241800 loss 0.0006
episode: 241900 loss 0.0003
episode: 242000 loss 0.0011
Testing...
class num: 50
class num: 50
seen=0.7876, unseen=0.5335, h=0.6361
episode: 242100 loss 0.0011
episode: 242200 loss 0.0006
episode: 242300 loss 0.0019
episode: 242400 loss 0.0009
episode: 242500 loss 0.0005
episode: 242600 loss 0.0001
episode: 242700 loss 0.0008
episode: 242800 loss 0.0004
episode: 242900 loss 0.0022
episode: 243000 loss 0.0002
episode: 243100 loss 0.0019
episode: 243200 loss 0.0009
episode: 243300 loss 0.0009
episode: 243400 loss 0.0015
episode: 243500 loss 0.0009
episode: 243600 loss 0.0007
episode: 243700 loss 0.0008
episode: 243800 loss 0.0007
episode: 243900 loss 0.0037
episode: 244000 loss 0.0007
Testing...
class num: 50
class num: 50
seen=0.7797, unseen=0.5188, h=0.6230
episode: 244100 loss 0.0002
episode: 244200 loss 0.0011
episode: 244300 loss 0.0006
episode: 244400 loss 0.0014
episode: 244500 loss 0.0004
episode: 244600 loss 0.0012
episode: 244700 loss 0.0017
episode: 244800 loss 0.0012
episode: 244900 loss 0.0003
episode: 245000 loss 0.0014
episode: 245100 loss 0.0033
episode: 245200 loss 0.0005
episode: 245300 loss 0.0005
episode: 245400 loss 0.0008
episode: 245500 loss 0.0004
episode: 245600 loss 0.0015
episode: 245700 loss 0.0007
episode: 245800 loss 0.0005
episode: 245900 loss 0.0024
episode: 246000 loss 0.0011
Testing...
class num: 50
class num: 50
seen=0.7972, unseen=0.5275, h=0.6349
episode: 246100 loss 0.0008
episode: 246200 loss 0.0008
episode: 246300 loss 0.0012
episode: 246400 loss 0.0010
episode: 246500 loss 0.0006
episode: 246600 loss 0.0006
episode: 246700 loss 0.0020
episode: 246800 loss 0.0005
episode: 246900 loss 0.0010
episode: 247000 loss 0.0005
episode: 247100 loss 0.0015
episode: 247200 loss 0.0003
episode: 247300 loss 0.0004
episode: 247400 loss 0.0002
episode: 247500 loss 0.0005
episode: 247600 loss 0.0009
episode: 247700 loss 0.0016
episode: 247800 loss 0.0018
episode: 247900 loss 0.0005
episode: 248000 loss 0.0002
Testing...
class num: 50
class num: 50
seen=0.7874, unseen=0.5324, h=0.6353
episode: 248100 loss 0.0010
episode: 248200 loss 0.0006
episode: 248300 loss 0.0007
episode: 248400 loss 0.0013
episode: 248500 loss 0.0009
episode: 248600 loss 0.0005
episode: 248700 loss 0.0008
episode: 248800 loss 0.0008
episode: 248900 loss 0.0006
episode: 249000 loss 0.0004
episode: 249100 loss 0.0036
episode: 249200 loss 0.0012
episode: 249300 loss 0.0007
episode: 249400 loss 0.0011
episode: 249500 loss 0.0004
episode: 249600 loss 0.0005
episode: 249700 loss 0.0007
episode: 249800 loss 0.0007
episode: 249900 loss 0.0006
episode: 250000 loss 0.0025
Testing...
class num: 50
class num: 50
seen=0.7792, unseen=0.5319, h=0.6322
